{"D:\\Test\\React\\react-starwars\\src\\app.tsx": {"path":"D:\\Test\\React\\react-starwars\\src\\app.tsx","statementMap":{"0":{"start":{"line":22,"column":12},"end":{"line":96,"column":1}},"1":{"start":{"line":23,"column":21},"end":{"line":23,"column":34}},"2":{"start":{"line":24,"column":50},"end":{"line":24,"column":68}},"3":{"start":{"line":25,"column":51},"end":{"line":25,"column":69}},"4":{"start":{"line":30,"column":4},"end":{"line":32,"column":36}},"5":{"start":{"line":31,"column":8},"end":{"line":31,"column":73}},"6":{"start":{"line":31,"column":42},"end":{"line":31,"column":73}},"7":{"start":{"line":34,"column":32},"end":{"line":37,"column":5}},"8":{"start":{"line":35,"column":8},"end":{"line":35,"column":38}},"9":{"start":{"line":36,"column":8},"end":{"line":36,"column":37}},"10":{"start":{"line":39,"column":4},"end":{"line":95,"column":6}}},"fnMap":{"0":{"name":"(anonymous_0)","decl":{"start":{"line":22,"column":12},"end":{"line":22,"column":13}},"loc":{"start":{"line":22,"column":18},"end":{"line":96,"column":1}},"line":22},"1":{"name":"(anonymous_1)","decl":{"start":{"line":30,"column":14},"end":{"line":30,"column":15}},"loc":{"start":{"line":30,"column":20},"end":{"line":32,"column":5}},"line":30},"2":{"name":"(anonymous_2)","decl":{"start":{"line":34,"column":32},"end":{"line":34,"column":33}},"loc":{"start":{"line":34,"column":38},"end":{"line":37,"column":5}},"line":34}},"branchMap":{"0":{"loc":{"start":{"line":31,"column":8},"end":{"line":31,"column":73}},"type":"if","locations":[{"start":{"line":31,"column":8},"end":{"line":31,"column":73}},{"start":{},"end":{}}],"line":31}},"s":{"0":0,"1":0,"2":0,"3":0,"4":0,"5":0,"6":0,"7":0,"8":0,"9":0,"10":0},"f":{"0":0,"1":0,"2":0},"b":{"0":[0,0]}}
,"D:\\Test\\React\\react-starwars\\src\\index.tsx": {"path":"D:\\Test\\React\\react-starwars\\src\\index.tsx","statementMap":{"0":{"start":{"line":8,"column":0},"end":{"line":17,"column":2}},"1":{"start":{"line":22,"column":0},"end":{"line":22,"column":18}}},"fnMap":{},"branchMap":{},"s":{"0":0,"1":0},"f":{},"b":{}}
,"D:\\Test\\React\\react-starwars\\src\\layout.tsx": {"path":"D:\\Test\\React\\react-starwars\\src\\layout.tsx","statementMap":{"0":{"start":{"line":13,"column":27},"end":{"line":13,"column":79}},"1":{"start":{"line":14,"column":4},"end":{"line":26,"column":6}}},"fnMap":{"0":{"name":"Layout","decl":{"start":{"line":12,"column":16},"end":{"line":12,"column":22}},"loc":{"start":{"line":12,"column":74},"end":{"line":27,"column":1}},"line":12}},"branchMap":{"0":{"loc":{"start":{"line":13,"column":27},"end":{"line":13,"column":79}},"type":"cond-expr","locations":[{"start":{"line":13,"column":59},"end":{"line":13,"column":74}},{"start":{"line":13,"column":77},"end":{"line":13,"column":79}}],"line":13}},"s":{"0":0,"1":0},"f":{"0":0},"b":{"0":[0,0]}}
,"D:\\Test\\React\\react-starwars\\src\\react-app-env.d.ts": {"path":"D:\\Test\\React\\react-starwars\\src\\react-app-env.d.ts","statementMap":{},"fnMap":{},"branchMap":{},"s":{},"f":{},"b":{}}
,"D:\\Test\\React\\react-starwars\\src\\reportWebVitals.js": {"path":"D:\\Test\\React\\react-starwars\\src\\reportWebVitals.js","statementMap":{"0":{"start":{"line":1,"column":24},"end":{"line":11,"column":1}},"1":{"start":{"line":2,"column":4},"end":{"line":10,"column":5}},"2":{"start":{"line":3,"column":8},"end":{"line":9,"column":11}},"3":{"start":{"line":4,"column":12},"end":{"line":4,"column":32}},"4":{"start":{"line":5,"column":12},"end":{"line":5,"column":32}},"5":{"start":{"line":6,"column":12},"end":{"line":6,"column":32}},"6":{"start":{"line":7,"column":12},"end":{"line":7,"column":32}},"7":{"start":{"line":8,"column":12},"end":{"line":8,"column":33}}},"fnMap":{"0":{"name":"(anonymous_0)","decl":{"start":{"line":1,"column":24},"end":{"line":1,"column":25}},"loc":{"start":{"line":1,"column":41},"end":{"line":11,"column":1}},"line":1},"1":{"name":"(anonymous_1)","decl":{"start":{"line":3,"column":34},"end":{"line":3,"column":35}},"loc":{"start":{"line":3,"column":83},"end":{"line":9,"column":9}},"line":3}},"branchMap":{"0":{"loc":{"start":{"line":2,"column":4},"end":{"line":10,"column":5}},"type":"if","locations":[{"start":{"line":2,"column":4},"end":{"line":10,"column":5}},{"start":{},"end":{}}],"line":2},"1":{"loc":{"start":{"line":2,"column":8},"end":{"line":2,"column":54}},"type":"binary-expr","locations":[{"start":{"line":2,"column":8},"end":{"line":2,"column":19}},{"start":{"line":2,"column":23},"end":{"line":2,"column":54}}],"line":2}},"s":{"0":0,"1":0,"2":0,"3":0,"4":0,"5":0,"6":0,"7":0},"f":{"0":0,"1":0},"b":{"0":[0,0],"1":[0,0]}}
,"D:\\Test\\React\\react-starwars\\src\\api\\api.ts": {"path":"D:\\Test\\React\\react-starwars\\src\\api\\api.ts","statementMap":{"0":{"start":{"line":3,"column":25},"end":{"line":3,"column":63}},"1":{"start":{"line":6,"column":19},"end":{"line":6,"column":57}},"2":{"start":{"line":7,"column":18},"end":{"line":7,"column":100}},"3":{"start":{"line":8,"column":21},"end":{"line":8,"column":43}},"4":{"start":{"line":9,"column":66},"end":{"line":9,"column":68}},"5":{"start":{"line":10,"column":17},"end":{"line":10,"column":21}},"6":{"start":{"line":11,"column":4},"end":{"line":14,"column":5}},"7":{"start":{"line":12,"column":8},"end":{"line":12,"column":76}},"8":{"start":{"line":13,"column":8},"end":{"line":13,"column":39}},"9":{"start":{"line":16,"column":4},"end":{"line":20,"column":6}},"10":{"start":{"line":23,"column":63},"end":{"line":30,"column":1}},"11":{"start":{"line":33,"column":21},"end":{"line":33,"column":58}},"12":{"start":{"line":34,"column":18},"end":{"line":34,"column":83}},"13":{"start":{"line":35,"column":21},"end":{"line":35,"column":43}},"14":{"start":{"line":37,"column":4},"end":{"line":45,"column":5}},"15":{"start":{"line":38,"column":29},"end":{"line":38,"column":88}},"16":{"start":{"line":39,"column":8},"end":{"line":42,"column":10}},"17":{"start":{"line":44,"column":8},"end":{"line":44,"column":20}}},"fnMap":{"0":{"name":"apiGetPageById","decl":{"start":{"line":5,"column":22},"end":{"line":5,"column":36}},"loc":{"start":{"line":5,"column":81},"end":{"line":21,"column":1}},"line":5},"1":{"name":"apiGetItemById","decl":{"start":{"line":32,"column":22},"end":{"line":32,"column":36}},"loc":{"start":{"line":32,"column":69},"end":{"line":46,"column":1}},"line":32}},"branchMap":{"0":{"loc":{"start":{"line":5,"column":69},"end":{"line":5,"column":79}},"type":"default-arg","locations":[{"start":{"line":5,"column":77},"end":{"line":5,"column":79}}],"line":5},"1":{"loc":{"start":{"line":6,"column":19},"end":{"line":6,"column":57}},"type":"cond-expr","locations":[{"start":{"line":6,"column":30},"end":{"line":6,"column":52}},{"start":{"line":6,"column":55},"end":{"line":6,"column":57}}],"line":6},"2":{"loc":{"start":{"line":37,"column":4},"end":{"line":45,"column":5}},"type":"if","locations":[{"start":{"line":37,"column":4},"end":{"line":45,"column":5}},{"start":{"line":43,"column":11},"end":{"line":45,"column":5}}],"line":37}},"s":{"0":1,"1":0,"2":0,"3":0,"4":0,"5":0,"6":0,"7":0,"8":0,"9":0,"10":1,"11":0,"12":0,"13":0,"14":0,"15":0,"16":0,"17":0},"f":{"0":0,"1":0},"b":{"0":[0],"1":[0,0],"2":[0,0]},"_coverageSchema":"1a1c01bbd47fc00a2c39e90264f33305004495a9","hash":"e8b06f9d27cb3b616031d687c9bf26a6ac9b7b79"}
,"D:\\Test\\React\\react-starwars\\src\\components\\featuredBox.tsx": {"path":"D:\\Test\\React\\react-starwars\\src\\components\\featuredBox.tsx","statementMap":{"0":{"start":{"line":20,"column":20},"end":{"line":95,"column":1}},"1":{"start":{"line":27,"column":18},"end":{"line":27,"column":75}},"2":{"start":{"line":27,"column":51},"end":{"line":27,"column":74}},"3":{"start":{"line":28,"column":21},"end":{"line":28,"column":34}},"4":{"start":{"line":29,"column":34},"end":{"line":29,"column":48}},"5":{"start":{"line":30,"column":52},"end":{"line":30,"column":96}},"6":{"start":{"line":32,"column":8},"end":{"line":36,"column":42}},"7":{"start":{"line":38,"column":4},"end":{"line":40,"column":34}},"8":{"start":{"line":39,"column":8},"end":{"line":39,"column":61}},"9":{"start":{"line":42,"column":4},"end":{"line":42,"column":35}},"10":{"start":{"line":42,"column":17},"end":{"line":42,"column":35}},"11":{"start":{"line":43,"column":4},"end":{"line":94,"column":6}},"12":{"start":{"line":59,"column":36},"end":{"line":59,"column":99}},"13":{"start":{"line":67,"column":36},"end":{"line":67,"column":99}},"14":{"start":{"line":75,"column":36},"end":{"line":75,"column":99}},"15":{"start":{"line":83,"column":36},"end":{"line":83,"column":99}},"16":{"start":{"line":97,"column":0},"end":{"line":103,"column":2}}},"fnMap":{"0":{"name":"(anonymous_0)","decl":{"start":{"line":20,"column":20},"end":{"line":20,"column":21}},"loc":{"start":{"line":26,"column":13},"end":{"line":95,"column":1}},"line":26},"1":{"name":"(anonymous_1)","decl":{"start":{"line":27,"column":30},"end":{"line":27,"column":31}},"loc":{"start":{"line":27,"column":51},"end":{"line":27,"column":74}},"line":27},"2":{"name":"(anonymous_2)","decl":{"start":{"line":38,"column":14},"end":{"line":38,"column":15}},"loc":{"start":{"line":38,"column":20},"end":{"line":40,"column":5}},"line":38},"3":{"name":"(anonymous_3)","decl":{"start":{"line":58,"column":37},"end":{"line":58,"column":38}},"loc":{"start":{"line":59,"column":36},"end":{"line":59,"column":99}},"line":59},"4":{"name":"(anonymous_4)","decl":{"start":{"line":66,"column":37},"end":{"line":66,"column":38}},"loc":{"start":{"line":67,"column":36},"end":{"line":67,"column":99}},"line":67},"5":{"name":"(anonymous_5)","decl":{"start":{"line":74,"column":37},"end":{"line":74,"column":38}},"loc":{"start":{"line":75,"column":36},"end":{"line":75,"column":99}},"line":75},"6":{"name":"(anonymous_6)","decl":{"start":{"line":82,"column":37},"end":{"line":82,"column":38}},"loc":{"start":{"line":83,"column":36},"end":{"line":83,"column":99}},"line":83}},"branchMap":{"0":{"loc":{"start":{"line":24,"column":4},"end":{"line":24,"column":25}},"type":"default-arg","locations":[{"start":{"line":24,"column":20},"end":{"line":24,"column":25}}],"line":24},"1":{"loc":{"start":{"line":25,"column":4},"end":{"line":25,"column":21}},"type":"default-arg","locations":[{"start":{"line":25,"column":16},"end":{"line":25,"column":21}}],"line":25},"2":{"loc":{"start":{"line":32,"column":8},"end":{"line":36,"column":42}},"type":"cond-expr","locations":[{"start":{"line":33,"column":14},"end":{"line":33,"column":29}},{"start":{"line":34,"column":14},"end":{"line":36,"column":42}}],"line":32},"3":{"loc":{"start":{"line":32,"column":8},"end":{"line":32,"column":34}},"type":"binary-expr","locations":[{"start":{"line":32,"column":8},"end":{"line":32,"column":17}},{"start":{"line":32,"column":21},"end":{"line":32,"column":34}}],"line":32},"4":{"loc":{"start":{"line":34,"column":14},"end":{"line":36,"column":42}},"type":"cond-expr","locations":[{"start":{"line":35,"column":14},"end":{"line":35,"column":43}},{"start":{"line":36,"column":14},"end":{"line":36,"column":42}}],"line":34},"5":{"loc":{"start":{"line":42,"column":4},"end":{"line":42,"column":35}},"type":"if","locations":[{"start":{"line":42,"column":4},"end":{"line":42,"column":35}},{"start":{},"end":{}}],"line":42},"6":{"loc":{"start":{"line":53,"column":21},"end":{"line":53,"column":42}},"type":"binary-expr","locations":[{"start":{"line":53,"column":21},"end":{"line":53,"column":28}},{"start":{"line":53,"column":32},"end":{"line":53,"column":42}}],"line":53},"7":{"loc":{"start":{"line":55,"column":25},"end":{"line":60,"column":34}},"type":"binary-expr","locations":[{"start":{"line":55,"column":25},"end":{"line":55,"column":54}},{"start":{"line":56,"column":28},"end":{"line":60,"column":34}}],"line":55},"8":{"loc":{"start":{"line":63,"column":25},"end":{"line":68,"column":34}},"type":"binary-expr","locations":[{"start":{"line":63,"column":25},"end":{"line":63,"column":54}},{"start":{"line":64,"column":28},"end":{"line":68,"column":34}}],"line":63},"9":{"loc":{"start":{"line":71,"column":25},"end":{"line":76,"column":34}},"type":"binary-expr","locations":[{"start":{"line":71,"column":25},"end":{"line":71,"column":54}},{"start":{"line":72,"column":28},"end":{"line":76,"column":34}}],"line":71},"10":{"loc":{"start":{"line":79,"column":25},"end":{"line":84,"column":34}},"type":"binary-expr","locations":[{"start":{"line":79,"column":25},"end":{"line":79,"column":54}},{"start":{"line":80,"column":28},"end":{"line":84,"column":34}}],"line":79}},"s":{"0":0,"1":0,"2":0,"3":0,"4":0,"5":0,"6":0,"7":0,"8":0,"9":0,"10":0,"11":0,"12":0,"13":0,"14":0,"15":0,"16":0},"f":{"0":0,"1":0,"2":0,"3":0,"4":0,"5":0,"6":0},"b":{"0":[0],"1":[0],"2":[0,0],"3":[0,0],"4":[0,0],"5":[0,0],"6":[0,0],"7":[0,0],"8":[0,0],"9":[0,0],"10":[0,0]}}
,"D:\\Test\\React\\react-starwars\\src\\components\\UI\\cloudImage\\cloudImage.tsx": {"path":"D:\\Test\\React\\react-starwars\\src\\components\\UI\\cloudImage\\cloudImage.tsx","statementMap":{"0":{"start":{"line":14,"column":25},"end":{"line":16,"column":5}},"1":{"start":{"line":15,"column":8},"end":{"line":15,"column":39}},"2":{"start":{"line":19,"column":4},"end":{"line":31,"column":5}},"3":{"start":{"line":21,"column":12},"end":{"line":21,"column":59}},"4":{"start":{"line":22,"column":12},"end":{"line":22,"column":18}},"5":{"start":{"line":24,"column":12},"end":{"line":24,"column":60}},"6":{"start":{"line":25,"column":12},"end":{"line":25,"column":18}},"7":{"start":{"line":27,"column":12},"end":{"line":27,"column":60}},"8":{"start":{"line":28,"column":12},"end":{"line":28,"column":18}},"9":{"start":{"line":30,"column":12},"end":{"line":30,"column":27}},"10":{"start":{"line":32,"column":4},"end":{"line":43,"column":6}}},"fnMap":{"0":{"name":"CloudImage","decl":{"start":{"line":12,"column":16},"end":{"line":12,"column":26}},"loc":{"start":{"line":12,"column":91},"end":{"line":44,"column":1}},"line":12},"1":{"name":"(anonymous_1)","decl":{"start":{"line":14,"column":25},"end":{"line":14,"column":26}},"loc":{"start":{"line":14,"column":72},"end":{"line":16,"column":5}},"line":14}},"branchMap":{"0":{"loc":{"start":{"line":19,"column":4},"end":{"line":31,"column":5}},"type":"switch","locations":[{"start":{"line":20,"column":8},"end":{"line":22,"column":18}},{"start":{"line":23,"column":8},"end":{"line":25,"column":18}},{"start":{"line":26,"column":8},"end":{"line":28,"column":18}},{"start":{"line":29,"column":8},"end":{"line":30,"column":27}}],"line":19}},"s":{"0":12,"1":1,"2":12,"3":5,"4":5,"5":5,"6":5,"7":1,"8":1,"9":1,"10":12},"f":{"0":12,"1":1},"b":{"0":[5,5,1,1]},"_coverageSchema":"1a1c01bbd47fc00a2c39e90264f33305004495a9","hash":"3d5ad4c071e5db200fd87fde0f6515811b5b0885"}
,"D:\\Test\\React\\react-starwars\\src\\components\\UI\\flipCard\\flipCard.tsx": {"path":"D:\\Test\\React\\react-starwars\\src\\components\\UI\\flipCard\\flipCard.tsx","statementMap":{"0":{"start":{"line":5,"column":24},"end":{"line":7,"column":1}},"1":{"start":{"line":6,"column":4},"end":{"line":6,"column":70}},"2":{"start":{"line":9,"column":0},"end":{"line":9,"column":50}}},"fnMap":{"0":{"name":"(anonymous_0)","decl":{"start":{"line":5,"column":24},"end":{"line":5,"column":25}},"loc":{"start":{"line":5,"column":67},"end":{"line":7,"column":1}},"line":5}},"branchMap":{},"s":{"0":2,"1":4,"2":2},"f":{"0":4},"b":{},"_coverageSchema":"1a1c01bbd47fc00a2c39e90264f33305004495a9","hash":"16c39b0ea7b4adf901c9be1d0bb7d7ddb258977b"}
,"D:\\Test\\React\\react-starwars\\src\\components\\UI\\loader\\loader.tsx": {"path":"D:\\Test\\React\\react-starwars\\src\\components\\UI\\loader\\loader.tsx","statementMap":{"0":{"start":{"line":3,"column":22},"end":{"line":10,"column":1}},"1":{"start":{"line":4,"column":4},"end":{"line":9,"column":10}},"2":{"start":{"line":12,"column":0},"end":{"line":12,"column":22}}},"fnMap":{"0":{"name":"(anonymous_0)","decl":{"start":{"line":3,"column":22},"end":{"line":3,"column":23}},"loc":{"start":{"line":4,"column":4},"end":{"line":9,"column":10}},"line":4}},"branchMap":{},"s":{"0":1,"1":1,"2":1},"f":{"0":1},"b":{},"_coverageSchema":"1a1c01bbd47fc00a2c39e90264f33305004495a9","hash":"ae387c0b1b713ee34b666cd536691446ed27e24c"}
,"D:\\Test\\React\\react-starwars\\src\\components\\UI\\mobileMenu\\mobileMenu.tsx": {"path":"D:\\Test\\React\\react-starwars\\src\\components\\UI\\mobileMenu\\mobileMenu.tsx","statementMap":{"0":{"start":{"line":13,"column":4},"end":{"line":20,"column":6}},"1":{"start":{"line":27,"column":19},"end":{"line":61,"column":1}},"2":{"start":{"line":28,"column":25},"end":{"line":28,"column":55}},"3":{"start":{"line":30,"column":24},"end":{"line":32,"column":5}},"4":{"start":{"line":31,"column":8},"end":{"line":31,"column":38}},"5":{"start":{"line":34,"column":4},"end":{"line":60,"column":6}},"6":{"start":{"line":49,"column":24},"end":{"line":55,"column":26}},"7":{"start":{"line":54,"column":43},"end":{"line":54,"column":56}}},"fnMap":{"0":{"name":"HeaderLink","decl":{"start":{"line":12,"column":9},"end":{"line":12,"column":19}},"loc":{"start":{"line":12,"column":63},"end":{"line":21,"column":1}},"line":12},"1":{"name":"(anonymous_1)","decl":{"start":{"line":27,"column":19},"end":{"line":27,"column":20}},"loc":{"start":{"line":27,"column":51},"end":{"line":61,"column":1}},"line":27},"2":{"name":"(anonymous_2)","decl":{"start":{"line":30,"column":24},"end":{"line":30,"column":25}},"loc":{"start":{"line":30,"column":30},"end":{"line":32,"column":5}},"line":30},"3":{"name":"(anonymous_3)","decl":{"start":{"line":48,"column":33},"end":{"line":48,"column":34}},"loc":{"start":{"line":49,"column":24},"end":{"line":55,"column":26}},"line":49},"4":{"name":"(anonymous_4)","decl":{"start":{"line":54,"column":37},"end":{"line":54,"column":38}},"loc":{"start":{"line":54,"column":43},"end":{"line":54,"column":56}},"line":54}},"branchMap":{},"s":{"0":0,"1":1,"2":0,"3":0,"4":0,"5":0,"6":0,"7":0},"f":{"0":0,"1":0,"2":0,"3":0,"4":0},"b":{},"_coverageSchema":"1a1c01bbd47fc00a2c39e90264f33305004495a9","hash":"a1aadf823e05cfd71161b4357ec2bced236c9973"}
,"D:\\Test\\React\\react-starwars\\src\\components\\UI\\neonButton\\neonButton.tsx": {"path":"D:\\Test\\React\\react-starwars\\src\\components\\UI\\neonButton\\neonButton.tsx","statementMap":{"0":{"start":{"line":10,"column":19},"end":{"line":14,"column":1}},"1":{"start":{"line":11,"column":4},"end":{"line":13,"column":10}},"2":{"start":{"line":16,"column":0},"end":{"line":16,"column":44}}},"fnMap":{"0":{"name":"(anonymous_0)","decl":{"start":{"line":10,"column":19},"end":{"line":10,"column":20}},"loc":{"start":{"line":11,"column":4},"end":{"line":13,"column":10}},"line":11}},"branchMap":{"0":{"loc":{"start":{"line":12,"column":24},"end":{"line":12,"column":68}},"type":"cond-expr","locations":[{"start":{"line":12,"column":32},"end":{"line":12,"column":51}},{"start":{"line":12,"column":54},"end":{"line":12,"column":68}}],"line":12}},"s":{"0":1,"1":1,"2":1},"f":{"0":1},"b":{"0":[0,1]},"_coverageSchema":"1a1c01bbd47fc00a2c39e90264f33305004495a9","hash":"0c8edfd9f717cd88057c78805fe3313998587fa7"}
,"D:\\Test\\React\\react-starwars\\src\\components\\UI\\pageTitle\\pageTitle.tsx": {"path":"D:\\Test\\React\\react-starwars\\src\\components\\UI\\pageTitle\\pageTitle.tsx","statementMap":{"0":{"start":{"line":3,"column":25},"end":{"line":10,"column":1}},"1":{"start":{"line":4,"column":4},"end":{"line":9,"column":9}},"2":{"start":{"line":12,"column":0},"end":{"line":12,"column":50}}},"fnMap":{"0":{"name":"(anonymous_0)","decl":{"start":{"line":3,"column":25},"end":{"line":3,"column":26}},"loc":{"start":{"line":4,"column":4},"end":{"line":9,"column":9}},"line":4}},"branchMap":{},"s":{"0":1,"1":1,"2":1},"f":{"0":1},"b":{},"_coverageSchema":"1a1c01bbd47fc00a2c39e90264f33305004495a9","hash":"f7e90caa1361f2495a95d650bbfeed83eb38e4c9"}
,"D:\\Test\\React\\react-starwars\\src\\components\\UI\\starParallax\\starParallax.tsx": {"path":"D:\\Test\\React\\react-starwars\\src\\components\\UI\\starParallax\\starParallax.tsx","statementMap":{"0":{"start":{"line":3,"column":21},"end":{"line":11,"column":1}},"1":{"start":{"line":4,"column":4},"end":{"line":10,"column":6}},"2":{"start":{"line":13,"column":0},"end":{"line":13,"column":28}}},"fnMap":{"0":{"name":"(anonymous_0)","decl":{"start":{"line":3,"column":21},"end":{"line":3,"column":22}},"loc":{"start":{"line":3,"column":27},"end":{"line":11,"column":1}},"line":3}},"branchMap":{},"s":{"0":1,"1":1,"2":1},"f":{"0":1},"b":{},"_coverageSchema":"1a1c01bbd47fc00a2c39e90264f33305004495a9","hash":"6b2e5093c671799cfaca523e615fc19e6dffd7ac"}
,"D:\\Test\\React\\react-starwars\\src\\components\\UI\\toasts\\toasts.tsx": {"path":"D:\\Test\\React\\react-starwars\\src\\components\\UI\\toasts\\toasts.tsx","statementMap":{"0":{"start":{"line":9,"column":19},"end":{"line":9,"column":66}},"1":{"start":{"line":9,"column":53},"end":{"line":9,"column":65}},"2":{"start":{"line":10,"column":21},"end":{"line":10,"column":34}},"3":{"start":{"line":12,"column":4},"end":{"line":42,"column":27}},"4":{"start":{"line":14,"column":12},"end":{"line":29,"column":13}},"5":{"start":{"line":16,"column":20},"end":{"line":19,"column":23}},"6":{"start":{"line":20,"column":20},"end":{"line":20,"column":26}},"7":{"start":{"line":22,"column":20},"end":{"line":25,"column":23}},"8":{"start":{"line":26,"column":20},"end":{"line":26,"column":26}},"9":{"start":{"line":28,"column":20},"end":{"line":28,"column":33}},"10":{"start":{"line":32,"column":8},"end":{"line":36,"column":9}},"11":{"start":{"line":33,"column":24},"end":{"line":33,"column":57}},"12":{"start":{"line":34,"column":12},"end":{"line":34,"column":36}},"13":{"start":{"line":35,"column":12},"end":{"line":35,"column":35}},"14":{"start":{"line":37,"column":8},"end":{"line":41,"column":9}},"15":{"start":{"line":38,"column":24},"end":{"line":38,"column":55}},"16":{"start":{"line":39,"column":12},"end":{"line":39,"column":38}},"17":{"start":{"line":40,"column":12},"end":{"line":40,"column":35}},"18":{"start":{"line":43,"column":4},"end":{"line":43,"column":30}},"19":{"start":{"line":46,"column":0},"end":{"line":46,"column":22}}},"fnMap":{"0":{"name":"Toasts","decl":{"start":{"line":8,"column":16},"end":{"line":8,"column":22}},"loc":{"start":{"line":8,"column":25},"end":{"line":44,"column":1}},"line":8},"1":{"name":"(anonymous_1)","decl":{"start":{"line":9,"column":31},"end":{"line":9,"column":32}},"loc":{"start":{"line":9,"column":53},"end":{"line":9,"column":65}},"line":9},"2":{"name":"(anonymous_2)","decl":{"start":{"line":12,"column":14},"end":{"line":12,"column":15}},"loc":{"start":{"line":12,"column":20},"end":{"line":42,"column":5}},"line":12},"3":{"name":"showToast","decl":{"start":{"line":13,"column":17},"end":{"line":13,"column":26}},"loc":{"start":{"line":13,"column":54},"end":{"line":30,"column":9}},"line":13}},"branchMap":{"0":{"loc":{"start":{"line":14,"column":12},"end":{"line":29,"column":13}},"type":"switch","locations":[{"start":{"line":15,"column":16},"end":{"line":20,"column":26}},{"start":{"line":21,"column":16},"end":{"line":26,"column":26}},{"start":{"line":27,"column":16},"end":{"line":28,"column":33}}],"line":14},"1":{"loc":{"start":{"line":32,"column":8},"end":{"line":36,"column":9}},"type":"if","locations":[{"start":{"line":32,"column":8},"end":{"line":36,"column":9}},{"start":{},"end":{}}],"line":32},"2":{"loc":{"start":{"line":32,"column":12},"end":{"line":32,"column":34}},"type":"binary-expr","locations":[{"start":{"line":32,"column":12},"end":{"line":32,"column":18}},{"start":{"line":32,"column":22},"end":{"line":32,"column":34}}],"line":32},"3":{"loc":{"start":{"line":33,"column":24},"end":{"line":33,"column":57}},"type":"cond-expr","locations":[{"start":{"line":33,"column":37},"end":{"line":33,"column":47}},{"start":{"line":33,"column":50},"end":{"line":33,"column":57}}],"line":33},"4":{"loc":{"start":{"line":37,"column":8},"end":{"line":41,"column":9}},"type":"if","locations":[{"start":{"line":37,"column":8},"end":{"line":41,"column":9}},{"start":{},"end":{}}],"line":37},"5":{"loc":{"start":{"line":37,"column":12},"end":{"line":37,"column":36}},"type":"binary-expr","locations":[{"start":{"line":37,"column":12},"end":{"line":37,"column":18}},{"start":{"line":37,"column":22},"end":{"line":37,"column":36}}],"line":37},"6":{"loc":{"start":{"line":38,"column":24},"end":{"line":38,"column":55}},"type":"cond-expr","locations":[{"start":{"line":38,"column":37},"end":{"line":38,"column":47}},{"start":{"line":38,"column":50},"end":{"line":38,"column":55}}],"line":38}},"s":{"0":0,"1":0,"2":0,"3":0,"4":0,"5":0,"6":0,"7":0,"8":0,"9":0,"10":0,"11":0,"12":0,"13":0,"14":0,"15":0,"16":0,"17":0,"18":0,"19":0},"f":{"0":0,"1":0,"2":0,"3":0},"b":{"0":[0,0,0],"1":[0,0],"2":[0,0],"3":[0,0],"4":[0,0],"5":[0,0],"6":[0,0]}}
,"D:\\Test\\React\\react-starwars\\src\\components\\articleCard\\articleCard.snap.tsx": {"path":"D:\\Test\\React\\react-starwars\\src\\components\\articleCard\\articleCard.snap.tsx","statementMap":{"0":{"start":{"line":3,"column":0},"end":{"line":171,"column":2}}},"fnMap":{},"branchMap":{},"s":{"0":0},"f":{},"b":{}}
,"D:\\Test\\React\\react-starwars\\src\\components\\articleCard\\articleCard.tsx": {"path":"D:\\Test\\React\\react-starwars\\src\\components\\articleCard\\articleCard.tsx","statementMap":{"0":{"start":{"line":19,"column":27},"end":{"line":55,"column":1}},"1":{"start":{"line":21,"column":30},"end":{"line":21,"column":65}},"2":{"start":{"line":22,"column":22},"end":{"line":22,"column":56}},"3":{"start":{"line":23,"column":8},"end":{"line":53,"column":10}},"4":{"start":{"line":57,"column":0},"end":{"line":57,"column":40}}},"fnMap":{"0":{"name":"(anonymous_0)","decl":{"start":{"line":20,"column":4},"end":{"line":20,"column":5}},"loc":{"start":{"line":20,"column":72},"end":{"line":54,"column":5}},"line":20}},"branchMap":{"0":{"loc":{"start":{"line":20,"column":23},"end":{"line":20,"column":42}},"type":"default-arg","locations":[{"start":{"line":20,"column":40},"end":{"line":20,"column":42}}],"line":20},"1":{"loc":{"start":{"line":22,"column":22},"end":{"line":22,"column":56}},"type":"cond-expr","locations":[{"start":{"line":22,"column":34},"end":{"line":22,"column":43}},{"start":{"line":22,"column":46},"end":{"line":22,"column":56}}],"line":22}},"s":{"0":2,"1":4,"2":4,"3":4,"4":2},"f":{"0":4},"b":{"0":[2],"1":[3,1]},"_coverageSchema":"1a1c01bbd47fc00a2c39e90264f33305004495a9","hash":"d0ff6854042c82b6077a64803f483e59bc2b8fd8"}
,"D:\\Test\\React\\react-starwars\\src\\components\\crawl\\crawl.tsx": {"path":"D:\\Test\\React\\react-starwars\\src\\components\\crawl\\crawl.tsx","statementMap":{"0":{"start":{"line":4,"column":14},"end":{"line":13,"column":1}},"1":{"start":{"line":5,"column":4},"end":{"line":12,"column":6}}},"fnMap":{"0":{"name":"(anonymous_0)","decl":{"start":{"line":4,"column":14},"end":{"line":4,"column":15}},"loc":{"start":{"line":4,"column":57},"end":{"line":13,"column":1}},"line":4}},"branchMap":{},"s":{"0":0,"1":0},"f":{"0":0},"b":{}}
,"D:\\Test\\React\\react-starwars\\src\\components\\flyInArticleCard\\flyInArticleCard.tsx": {"path":"D:\\Test\\React\\react-starwars\\src\\components\\flyInArticleCard\\flyInArticleCard.tsx","statementMap":{"0":{"start":{"line":5,"column":32},"end":{"line":33,"column":1}},"1":{"start":{"line":10,"column":20},"end":{"line":10,"column":51}},"2":{"start":{"line":12,"column":4},"end":{"line":32,"column":6}},"3":{"start":{"line":22,"column":16},"end":{"line":29,"column":18}}},"fnMap":{"0":{"name":"(anonymous_0)","decl":{"start":{"line":5,"column":32},"end":{"line":5,"column":33}},"loc":{"start":{"line":9,"column":24},"end":{"line":33,"column":1}},"line":9},"1":{"name":"(anonymous_1)","decl":{"start":{"line":20,"column":13},"end":{"line":20,"column":14}},"loc":{"start":{"line":20,"column":24},"end":{"line":30,"column":13}},"line":20}},"branchMap":{"0":{"loc":{"start":{"line":8,"column":4},"end":{"line":8,"column":30}},"type":"default-arg","locations":[{"start":{"line":8,"column":21},"end":{"line":8,"column":30}}],"line":8}},"s":{"0":1,"1":1,"2":1,"3":2},"f":{"0":1,"1":2},"b":{"0":[1]},"_coverageSchema":"1a1c01bbd47fc00a2c39e90264f33305004495a9","hash":"e3bc0bc0dc8073892de8e89a650eeac6e8338f57"}
,"D:\\Test\\React\\react-starwars\\src\\components\\layout\\footer\\footer.tsx": {"path":"D:\\Test\\React\\react-starwars\\src\\components\\layout\\footer\\footer.tsx","statementMap":{"0":{"start":{"line":1,"column":15},"end":{"line":5,"column":1}},"1":{"start":{"line":2,"column":4},"end":{"line":4,"column":13}}},"fnMap":{"0":{"name":"(anonymous_0)","decl":{"start":{"line":1,"column":15},"end":{"line":1,"column":16}},"loc":{"start":{"line":2,"column":4},"end":{"line":4,"column":13}},"line":2}},"branchMap":{},"s":{"0":1,"1":3},"f":{"0":3},"b":{},"_coverageSchema":"1a1c01bbd47fc00a2c39e90264f33305004495a9","hash":"6042e51fd244d37794c96d28d297d58425a114ab"}
,"D:\\Test\\React\\react-starwars\\src\\components\\layout\\header\\header.tsx": {"path":"D:\\Test\\React\\react-starwars\\src\\components\\layout\\header\\header.tsx","statementMap":{"0":{"start":{"line":9,"column":4},"end":{"line":17,"column":6}},"1":{"start":{"line":20,"column":26},"end":{"line":20,"column":73}},"2":{"start":{"line":21,"column":4},"end":{"line":43,"column":6}},"3":{"start":{"line":34,"column":28},"end":{"line":36,"column":38}},"4":{"start":{"line":40,"column":59},"end":{"line":40,"column":70}}},"fnMap":{"0":{"name":"menuLinks","decl":{"start":{"line":8,"column":9},"end":{"line":8,"column":18}},"loc":{"start":{"line":8,"column":21},"end":{"line":18,"column":1}},"line":8},"1":{"name":"Header","decl":{"start":{"line":19,"column":9},"end":{"line":19,"column":15}},"loc":{"start":{"line":19,"column":18},"end":{"line":44,"column":1}},"line":19},"2":{"name":"(anonymous_2)","decl":{"start":{"line":33,"column":41},"end":{"line":33,"column":42}},"loc":{"start":{"line":34,"column":28},"end":{"line":36,"column":38}},"line":34},"3":{"name":"(anonymous_3)","decl":{"start":{"line":40,"column":53},"end":{"line":40,"column":54}},"loc":{"start":{"line":40,"column":59},"end":{"line":40,"column":70}},"line":40}},"branchMap":{"0":{"loc":{"start":{"line":31,"column":17},"end":{"line":39,"column":17}},"type":"binary-expr","locations":[{"start":{"line":31,"column":17},"end":{"line":31,"column":31}},{"start":{"line":32,"column":20},"end":{"line":38,"column":26}}],"line":31},"1":{"loc":{"start":{"line":40,"column":17},"end":{"line":40,"column":74}},"type":"binary-expr","locations":[{"start":{"line":40,"column":17},"end":{"line":40,"column":30}},{"start":{"line":40,"column":34},"end":{"line":40,"column":74}}],"line":40}},"s":{"0":1,"1":1,"2":1,"3":7,"4":0},"f":{"0":1,"1":1,"2":7,"3":0},"b":{"0":[1,1],"1":[1,0]},"_coverageSchema":"1a1c01bbd47fc00a2c39e90264f33305004495a9","hash":"8af794c8efcc53f6f19dcfc232693793ae790784"}
,"D:\\Test\\React\\react-starwars\\src\\components\\layout\\main\\main.tsx": {"path":"D:\\Test\\React\\react-starwars\\src\\components\\layout\\main\\main.tsx","statementMap":{"0":{"start":{"line":4,"column":20},"end":{"line":6,"column":1}},"1":{"start":{"line":5,"column":4},"end":{"line":5,"column":69}},"2":{"start":{"line":8,"column":0},"end":{"line":8,"column":46}}},"fnMap":{"0":{"name":"(anonymous_0)","decl":{"start":{"line":4,"column":20},"end":{"line":4,"column":21}},"loc":{"start":{"line":5,"column":4},"end":{"line":5,"column":69}},"line":5}},"branchMap":{},"s":{"0":1,"1":1,"2":1},"f":{"0":1},"b":{},"_coverageSchema":"1a1c01bbd47fc00a2c39e90264f33305004495a9","hash":"22163738776208a51180bd5c40cf8b31ccef1953"}
,"D:\\Test\\React\\react-starwars\\src\\components\\pages\\category\\categoryPage.tsx": {"path":"D:\\Test\\React\\react-starwars\\src\\components\\pages\\category\\categoryPage.tsx","statementMap":{"0":{"start":{"line":15,"column":21},"end":{"line":45,"column":1}},"1":{"start":{"line":16,"column":22},"end":{"line":16,"column":55}},"2":{"start":{"line":17,"column":20},"end":{"line":19,"column":5}},"3":{"start":{"line":18,"column":38},"end":{"line":18,"column":63}},"4":{"start":{"line":20,"column":18},"end":{"line":20,"column":75}},"5":{"start":{"line":20,"column":51},"end":{"line":20,"column":74}},"6":{"start":{"line":21,"column":21},"end":{"line":21,"column":34}},"7":{"start":{"line":22,"column":52},"end":{"line":22,"column":63}},"8":{"start":{"line":23,"column":4},"end":{"line":27,"column":54}},"9":{"start":{"line":24,"column":8},"end":{"line":26,"column":9}},"10":{"start":{"line":25,"column":12},"end":{"line":25,"column":38}},"11":{"start":{"line":29,"column":4},"end":{"line":44,"column":6}},"12":{"start":{"line":36,"column":28},"end":{"line":38,"column":30}},"13":{"start":{"line":47,"column":0},"end":{"line":51,"column":2}}},"fnMap":{"0":{"name":"(anonymous_0)","decl":{"start":{"line":15,"column":21},"end":{"line":15,"column":22}},"loc":{"start":{"line":15,"column":75},"end":{"line":45,"column":1}},"line":15},"1":{"name":"(anonymous_1)","decl":{"start":{"line":18,"column":8},"end":{"line":18,"column":9}},"loc":{"start":{"line":18,"column":38},"end":{"line":18,"column":63}},"line":18},"2":{"name":"(anonymous_2)","decl":{"start":{"line":20,"column":30},"end":{"line":20,"column":31}},"loc":{"start":{"line":20,"column":51},"end":{"line":20,"column":74}},"line":20},"3":{"name":"(anonymous_3)","decl":{"start":{"line":23,"column":14},"end":{"line":23,"column":15}},"loc":{"start":{"line":23,"column":20},"end":{"line":27,"column":5}},"line":23},"4":{"name":"(anonymous_4)","decl":{"start":{"line":35,"column":63},"end":{"line":35,"column":64}},"loc":{"start":{"line":35,"column":73},"end":{"line":39,"column":25}},"line":35}},"branchMap":{"0":{"loc":{"start":{"line":15,"column":24},"end":{"line":15,"column":34}},"type":"default-arg","locations":[{"start":{"line":15,"column":32},"end":{"line":15,"column":34}}],"line":15},"1":{"loc":{"start":{"line":16,"column":22},"end":{"line":16,"column":55}},"type":"cond-expr","locations":[{"start":{"line":16,"column":37},"end":{"line":16,"column":42}},{"start":{"line":16,"column":45},"end":{"line":16,"column":55}}],"line":16},"2":{"loc":{"start":{"line":24,"column":8},"end":{"line":26,"column":9}},"type":"if","locations":[{"start":{"line":24,"column":8},"end":{"line":26,"column":9}},{"start":{},"end":{}}],"line":24},"3":{"loc":{"start":{"line":24,"column":12},"end":{"line":24,"column":33}},"type":"binary-expr","locations":[{"start":{"line":24,"column":12},"end":{"line":24,"column":21}},{"start":{"line":24,"column":25},"end":{"line":24,"column":33}}],"line":24},"4":{"loc":{"start":{"line":34,"column":21},"end":{"line":39,"column":26}},"type":"binary-expr","locations":[{"start":{"line":34,"column":21},"end":{"line":34,"column":50}},{"start":{"line":35,"column":24},"end":{"line":39,"column":26}}],"line":34},"5":{"loc":{"start":{"line":40,"column":21},"end":{"line":40,"column":96}},"type":"binary-expr","locations":[{"start":{"line":40,"column":21},"end":{"line":40,"column":29}},{"start":{"line":40,"column":33},"end":{"line":40,"column":96}}],"line":40}},"s":{"0":0,"1":0,"2":0,"3":0,"4":0,"5":0,"6":0,"7":0,"8":0,"9":0,"10":0,"11":0,"12":0,"13":0},"f":{"0":0,"1":0,"2":0,"3":0,"4":0},"b":{"0":[0],"1":[0,0],"2":[0,0],"3":[0,0],"4":[0,0],"5":[0,0]}}
,"D:\\Test\\React\\react-starwars\\src\\components\\pages\\characters\\characterPage.tsx": {"path":"D:\\Test\\React\\react-starwars\\src\\components\\pages\\characters\\characterPage.tsx","statementMap":{"0":{"start":{"line":4,"column":22},"end":{"line":7,"column":1}},"1":{"start":{"line":5,"column":15},"end":{"line":5,"column":45}},"2":{"start":{"line":6,"column":4},"end":{"line":6,"column":61}}},"fnMap":{"0":{"name":"(anonymous_0)","decl":{"start":{"line":4,"column":22},"end":{"line":4,"column":23}},"loc":{"start":{"line":4,"column":28},"end":{"line":7,"column":1}},"line":4}},"branchMap":{"0":{"loc":{"start":{"line":5,"column":24},"end":{"line":5,"column":44}},"type":"binary-expr","locations":[{"start":{"line":5,"column":24},"end":{"line":5,"column":38}},{"start":{"line":5,"column":42},"end":{"line":5,"column":44}}],"line":5}},"s":{"0":0,"1":0,"2":0},"f":{"0":0},"b":{"0":[0,0]}}
,"D:\\Test\\React\\react-starwars\\src\\components\\pages\\films\\filmPage.tsx": {"path":"D:\\Test\\React\\react-starwars\\src\\components\\pages\\films\\filmPage.tsx","statementMap":{"0":{"start":{"line":18,"column":17},"end":{"line":85,"column":1}},"1":{"start":{"line":19,"column":15},"end":{"line":19,"column":45}},"2":{"start":{"line":20,"column":17},"end":{"line":20,"column":72}},"3":{"start":{"line":20,"column":50},"end":{"line":20,"column":71}},"4":{"start":{"line":21,"column":21},"end":{"line":21,"column":34}},"5":{"start":{"line":23,"column":4},"end":{"line":25,"column":23}},"6":{"start":{"line":24,"column":8},"end":{"line":24,"column":37}},"7":{"start":{"line":27,"column":4},"end":{"line":27,"column":33}},"8":{"start":{"line":27,"column":15},"end":{"line":27,"column":33}},"9":{"start":{"line":29,"column":4},"end":{"line":84,"column":6}}},"fnMap":{"0":{"name":"(anonymous_0)","decl":{"start":{"line":18,"column":17},"end":{"line":18,"column":18}},"loc":{"start":{"line":18,"column":23},"end":{"line":85,"column":1}},"line":18},"1":{"name":"(anonymous_1)","decl":{"start":{"line":20,"column":29},"end":{"line":20,"column":30}},"loc":{"start":{"line":20,"column":50},"end":{"line":20,"column":71}},"line":20},"2":{"name":"(anonymous_2)","decl":{"start":{"line":23,"column":14},"end":{"line":23,"column":15}},"loc":{"start":{"line":23,"column":20},"end":{"line":25,"column":5}},"line":23}},"branchMap":{"0":{"loc":{"start":{"line":19,"column":24},"end":{"line":19,"column":44}},"type":"binary-expr","locations":[{"start":{"line":19,"column":24},"end":{"line":19,"column":38}},{"start":{"line":19,"column":42},"end":{"line":19,"column":44}}],"line":19},"1":{"loc":{"start":{"line":27,"column":4},"end":{"line":27,"column":33}},"type":"if","locations":[{"start":{"line":27,"column":4},"end":{"line":27,"column":33}},{"start":{},"end":{}}],"line":27},"2":{"loc":{"start":{"line":41,"column":21},"end":{"line":45,"column":21}},"type":"binary-expr","locations":[{"start":{"line":41,"column":21},"end":{"line":41,"column":39}},{"start":{"line":42,"column":24},"end":{"line":44,"column":32}}],"line":41}},"s":{"0":0,"1":0,"2":0,"3":0,"4":0,"5":0,"6":0,"7":0,"8":0,"9":0},"f":{"0":0,"1":0,"2":0},"b":{"0":[0,0],"1":[0,0],"2":[0,0]}}
,"D:\\Test\\React\\react-starwars\\src\\components\\pages\\home\\home.tsx": {"path":"D:\\Test\\React\\react-starwars\\src\\components\\pages\\home\\home.tsx","statementMap":{"0":{"start":{"line":12,"column":8},"end":{"line":48,"column":10}}},"fnMap":{"0":{"name":"(anonymous_0)","decl":{"start":{"line":11,"column":4},"end":{"line":11,"column":5}},"loc":{"start":{"line":11,"column":13},"end":{"line":49,"column":5}},"line":11}},"branchMap":{},"s":{"0":0},"f":{"0":0},"b":{}}
,"D:\\Test\\React\\react-starwars\\src\\components\\pages\\landingPage\\landingPage.tsx": {"path":"D:\\Test\\React\\react-starwars\\src\\components\\pages\\landingPage\\landingPage.tsx","statementMap":{"0":{"start":{"line":16,"column":45},"end":{"line":23,"column":1}},"1":{"start":{"line":31,"column":23},"end":{"line":31,"column":84}},"2":{"start":{"line":31,"column":56},"end":{"line":31,"column":83}},"3":{"start":{"line":32,"column":21},"end":{"line":32,"column":34}},"4":{"start":{"line":34,"column":4},"end":{"line":36,"column":35}},"5":{"start":{"line":35,"column":8},"end":{"line":35,"column":47}},"6":{"start":{"line":38,"column":4},"end":{"line":38,"column":39}},"7":{"start":{"line":38,"column":21},"end":{"line":38,"column":39}},"8":{"start":{"line":39,"column":20},"end":{"line":39,"column":73}},"9":{"start":{"line":40,"column":4},"end":{"line":110,"column":6}}},"fnMap":{"0":{"name":"LandingPage","decl":{"start":{"line":30,"column":16},"end":{"line":30,"column":27}},"loc":{"start":{"line":30,"column":55},"end":{"line":111,"column":1}},"line":30},"1":{"name":"(anonymous_1)","decl":{"start":{"line":31,"column":35},"end":{"line":31,"column":36}},"loc":{"start":{"line":31,"column":56},"end":{"line":31,"column":83}},"line":31},"2":{"name":"(anonymous_2)","decl":{"start":{"line":34,"column":14},"end":{"line":34,"column":15}},"loc":{"start":{"line":34,"column":20},"end":{"line":36,"column":5}},"line":34}},"branchMap":{"0":{"loc":{"start":{"line":38,"column":4},"end":{"line":38,"column":39}},"type":"if","locations":[{"start":{"line":38,"column":4},"end":{"line":38,"column":39}},{"start":{},"end":{}}],"line":38},"1":{"loc":{"start":{"line":39,"column":20},"end":{"line":39,"column":73}},"type":"cond-expr","locations":[{"start":{"line":39,"column":39},"end":{"line":39,"column":55}},{"start":{"line":39,"column":58},"end":{"line":39,"column":73}}],"line":39}},"s":{"0":0,"1":0,"2":0,"3":0,"4":0,"5":0,"6":0,"7":0,"8":0,"9":0},"f":{"0":0,"1":0,"2":0},"b":{"0":[0,0],"1":[0,0]}}
,"D:\\Test\\React\\react-starwars\\src\\components\\pages\\page404\\page404.tsx": {"path":"D:\\Test\\React\\react-starwars\\src\\components\\pages\\page404\\page404.tsx","statementMap":{"0":{"start":{"line":1,"column":16},"end":{"line":8,"column":1}},"1":{"start":{"line":2,"column":4},"end":{"line":7,"column":6}}},"fnMap":{"0":{"name":"(anonymous_0)","decl":{"start":{"line":1,"column":16},"end":{"line":1,"column":17}},"loc":{"start":{"line":1,"column":22},"end":{"line":8,"column":1}},"line":1}},"branchMap":{},"s":{"0":0,"1":0},"f":{"0":0},"b":{}}
,"D:\\Test\\React\\react-starwars\\src\\components\\pages\\planets\\planetPage.tsx": {"path":"D:\\Test\\React\\react-starwars\\src\\components\\pages\\planets\\planetPage.tsx","statementMap":{"0":{"start":{"line":4,"column":38},"end":{"line":7,"column":1}},"1":{"start":{"line":5,"column":15},"end":{"line":5,"column":45}},"2":{"start":{"line":6,"column":4},"end":{"line":6,"column":58}}},"fnMap":{"0":{"name":"(anonymous_0)","decl":{"start":{"line":4,"column":38},"end":{"line":4,"column":39}},"loc":{"start":{"line":4,"column":44},"end":{"line":7,"column":1}},"line":4}},"branchMap":{"0":{"loc":{"start":{"line":5,"column":24},"end":{"line":5,"column":44}},"type":"binary-expr","locations":[{"start":{"line":5,"column":24},"end":{"line":5,"column":38}},{"start":{"line":5,"column":42},"end":{"line":5,"column":44}}],"line":5}},"s":{"0":0,"1":0,"2":0},"f":{"0":0},"b":{"0":[0,0]}}
,"D:\\Test\\React\\react-starwars\\src\\components\\pages\\species\\speciesPage.tsx": {"path":"D:\\Test\\React\\react-starwars\\src\\components\\pages\\species\\speciesPage.tsx","statementMap":{"0":{"start":{"line":4,"column":39},"end":{"line":7,"column":1}},"1":{"start":{"line":5,"column":15},"end":{"line":5,"column":45}},"2":{"start":{"line":6,"column":4},"end":{"line":6,"column":58}}},"fnMap":{"0":{"name":"(anonymous_0)","decl":{"start":{"line":4,"column":39},"end":{"line":4,"column":40}},"loc":{"start":{"line":4,"column":45},"end":{"line":7,"column":1}},"line":4}},"branchMap":{"0":{"loc":{"start":{"line":5,"column":24},"end":{"line":5,"column":44}},"type":"binary-expr","locations":[{"start":{"line":5,"column":24},"end":{"line":5,"column":38}},{"start":{"line":5,"column":42},"end":{"line":5,"column":44}}],"line":5}},"s":{"0":0,"1":0,"2":0},"f":{"0":0},"b":{"0":[0,0]}}
,"D:\\Test\\React\\react-starwars\\src\\components\\pages\\starships\\starshipPage.tsx": {"path":"D:\\Test\\React\\react-starwars\\src\\components\\pages\\starships\\starshipPage.tsx","statementMap":{"0":{"start":{"line":4,"column":21},"end":{"line":7,"column":1}},"1":{"start":{"line":5,"column":15},"end":{"line":5,"column":45}},"2":{"start":{"line":6,"column":4},"end":{"line":6,"column":60}}},"fnMap":{"0":{"name":"(anonymous_0)","decl":{"start":{"line":4,"column":21},"end":{"line":4,"column":22}},"loc":{"start":{"line":4,"column":27},"end":{"line":7,"column":1}},"line":4}},"branchMap":{"0":{"loc":{"start":{"line":5,"column":24},"end":{"line":5,"column":44}},"type":"binary-expr","locations":[{"start":{"line":5,"column":24},"end":{"line":5,"column":38}},{"start":{"line":5,"column":42},"end":{"line":5,"column":44}}],"line":5}},"s":{"0":0,"1":0,"2":0},"f":{"0":0},"b":{"0":[0,0]}}
,"D:\\Test\\React\\react-starwars\\src\\components\\pages\\vehicles\\vehiclePage.tsx": {"path":"D:\\Test\\React\\react-starwars\\src\\components\\pages\\vehicles\\vehiclePage.tsx","statementMap":{"0":{"start":{"line":4,"column":20},"end":{"line":7,"column":1}},"1":{"start":{"line":5,"column":15},"end":{"line":5,"column":45}},"2":{"start":{"line":6,"column":4},"end":{"line":6,"column":59}}},"fnMap":{"0":{"name":"(anonymous_0)","decl":{"start":{"line":4,"column":20},"end":{"line":4,"column":21}},"loc":{"start":{"line":4,"column":26},"end":{"line":7,"column":1}},"line":4}},"branchMap":{"0":{"loc":{"start":{"line":5,"column":24},"end":{"line":5,"column":44}},"type":"binary-expr","locations":[{"start":{"line":5,"column":24},"end":{"line":5,"column":38}},{"start":{"line":5,"column":42},"end":{"line":5,"column":44}}],"line":5}},"s":{"0":0,"1":0,"2":0},"f":{"0":0},"b":{"0":[0,0]}}
,"D:\\Test\\React\\react-starwars\\src\\components\\relatedItem\\relatedItem.tsx": {"path":"D:\\Test\\React\\react-starwars\\src\\components\\relatedItem\\relatedItem.tsx","statementMap":{"0":{"start":{"line":17,"column":24},"end":{"line":17,"column":81}},"1":{"start":{"line":17,"column":57},"end":{"line":17,"column":80}},"2":{"start":{"line":18,"column":21},"end":{"line":18,"column":34}},"3":{"start":{"line":19,"column":21},"end":{"line":23,"column":19}},"4":{"start":{"line":21,"column":14},"end":{"line":21,"column":42}},"5":{"start":{"line":25,"column":4},"end":{"line":30,"column":57}},"6":{"start":{"line":26,"column":8},"end":{"line":29,"column":9}},"7":{"start":{"line":27,"column":30},"end":{"line":27,"column":75}},"8":{"start":{"line":27,"column":54},"end":{"line":27,"column":74}},"9":{"start":{"line":28,"column":12},"end":{"line":28,"column":47}},"10":{"start":{"line":32,"column":23},"end":{"line":34,"column":19}},"11":{"start":{"line":33,"column":34},"end":{"line":33,"column":51}},"12":{"start":{"line":33,"column":65},"end":{"line":33,"column":80}},"13":{"start":{"line":35,"column":4},"end":{"line":35,"column":33}},"14":{"start":{"line":35,"column":21},"end":{"line":35,"column":33}},"15":{"start":{"line":37,"column":4},"end":{"line":52,"column":6}},"16":{"start":{"line":42,"column":20},"end":{"line":48,"column":22}},"17":{"start":{"line":55,"column":0},"end":{"line":60,"column":2}}},"fnMap":{"0":{"name":"RelatedItem","decl":{"start":{"line":16,"column":16},"end":{"line":16,"column":27}},"loc":{"start":{"line":16,"column":80},"end":{"line":53,"column":1}},"line":16},"1":{"name":"(anonymous_1)","decl":{"start":{"line":17,"column":36},"end":{"line":17,"column":37}},"loc":{"start":{"line":17,"column":57},"end":{"line":17,"column":80}},"line":17},"2":{"name":"(anonymous_2)","decl":{"start":{"line":20,"column":20},"end":{"line":20,"column":21}},"loc":{"start":{"line":20,"column":30},"end":{"line":22,"column":11}},"line":20},"3":{"name":"(anonymous_3)","decl":{"start":{"line":25,"column":14},"end":{"line":25,"column":15}},"loc":{"start":{"line":25,"column":20},"end":{"line":30,"column":5}},"line":25},"4":{"name":"(anonymous_4)","decl":{"start":{"line":27,"column":46},"end":{"line":27,"column":47}},"loc":{"start":{"line":27,"column":54},"end":{"line":27,"column":74}},"line":27},"5":{"name":"(anonymous_5)","decl":{"start":{"line":33,"column":26},"end":{"line":33,"column":27}},"loc":{"start":{"line":33,"column":34},"end":{"line":33,"column":51}},"line":33},"6":{"name":"(anonymous_6)","decl":{"start":{"line":33,"column":57},"end":{"line":33,"column":58}},"loc":{"start":{"line":33,"column":65},"end":{"line":33,"column":80}},"line":33},"7":{"name":"(anonymous_7)","decl":{"start":{"line":41,"column":32},"end":{"line":41,"column":33}},"loc":{"start":{"line":41,"column":42},"end":{"line":49,"column":17}},"line":41}},"branchMap":{"0":{"loc":{"start":{"line":19,"column":21},"end":{"line":23,"column":19}},"type":"cond-expr","locations":[{"start":{"line":20,"column":10},"end":{"line":22,"column":12}},{"start":{"line":23,"column":10},"end":{"line":23,"column":19}}],"line":19},"1":{"loc":{"start":{"line":26,"column":8},"end":{"line":29,"column":9}},"type":"if","locations":[{"start":{"line":26,"column":8},"end":{"line":29,"column":9}},{"start":{},"end":{}}],"line":26},"2":{"loc":{"start":{"line":32,"column":23},"end":{"line":34,"column":19}},"type":"cond-expr","locations":[{"start":{"line":33,"column":10},"end":{"line":33,"column":81}},{"start":{"line":34,"column":10},"end":{"line":34,"column":19}}],"line":32},"3":{"loc":{"start":{"line":35,"column":4},"end":{"line":35,"column":33}},"type":"if","locations":[{"start":{"line":35,"column":4},"end":{"line":35,"column":33}},{"start":{},"end":{}}],"line":35},"4":{"loc":{"start":{"line":45,"column":33},"end":{"line":45,"column":67}},"type":"cond-expr","locations":[{"start":{"line":45,"column":45},"end":{"line":45,"column":54}},{"start":{"line":45,"column":57},"end":{"line":45,"column":67}}],"line":45}},"s":{"0":0,"1":0,"2":0,"3":0,"4":0,"5":0,"6":0,"7":0,"8":0,"9":0,"10":0,"11":0,"12":0,"13":0,"14":0,"15":0,"16":0,"17":0},"f":{"0":0,"1":0,"2":0,"3":0,"4":0,"5":0,"6":0,"7":0},"b":{"0":[0,0],"1":[0,0],"2":[0,0],"3":[0,0],"4":[0,0]}}
,"D:\\Test\\React\\react-starwars\\src\\components\\scrollToTop\\scrollToTop.tsx": {"path":"D:\\Test\\React\\react-starwars\\src\\components\\scrollToTop\\scrollToTop.tsx","statementMap":{"0":{"start":{"line":5,"column":25},"end":{"line":5,"column":38}},"1":{"start":{"line":7,"column":4},"end":{"line":9,"column":19}},"2":{"start":{"line":8,"column":8},"end":{"line":8,"column":30}},"3":{"start":{"line":11,"column":4},"end":{"line":11,"column":16}}},"fnMap":{"0":{"name":"ScrollToTop","decl":{"start":{"line":4,"column":24},"end":{"line":4,"column":35}},"loc":{"start":{"line":4,"column":38},"end":{"line":12,"column":1}},"line":4},"1":{"name":"(anonymous_1)","decl":{"start":{"line":7,"column":14},"end":{"line":7,"column":15}},"loc":{"start":{"line":7,"column":20},"end":{"line":9,"column":5}},"line":7}},"branchMap":{},"s":{"0":0,"1":0,"2":0,"3":0},"f":{"0":0,"1":0},"b":{}}
,"D:\\Test\\React\\react-starwars\\src\\store\\index.ts": {"path":"D:\\Test\\React\\react-starwars\\src\\store\\index.ts","statementMap":{"0":{"start":{"line":12,"column":20},"end":{"line":20,"column":2}},"1":{"start":{"line":22,"column":25},"end":{"line":22,"column":68}},"2":{"start":{"line":23,"column":14},"end":{"line":23,"column":56}}},"fnMap":{},"branchMap":{},"s":{"0":1,"1":1,"2":1},"f":{},"b":{},"_coverageSchema":"1a1c01bbd47fc00a2c39e90264f33305004495a9","hash":"8e9e5d6ba8b848817544a91f64895f691de28540"}
,"D:\\Test\\React\\react-starwars\\src\\store\\store.types.ts": {"path":"D:\\Test\\React\\react-starwars\\src\\store\\store.types.ts","statementMap":{},"fnMap":{},"branchMap":{},"s":{},"f":{},"b":{}}
,"D:\\Test\\React\\react-starwars\\src\\store\\storeProvider.tsx": {"path":"D:\\Test\\React\\react-starwars\\src\\store\\storeProvider.tsx","statementMap":{"0":{"start":{"line":5,"column":22},"end":{"line":7,"column":1}},"1":{"start":{"line":6,"column":4},"end":{"line":6,"column":49}}},"fnMap":{"0":{"name":"(anonymous_0)","decl":{"start":{"line":5,"column":22},"end":{"line":5,"column":23}},"loc":{"start":{"line":6,"column":4},"end":{"line":6,"column":49}},"line":6}},"branchMap":{},"s":{"0":0,"1":0},"f":{"0":0},"b":{}}
,"D:\\Test\\React\\react-starwars\\src\\store\\characters\\character.types.ts": {"path":"D:\\Test\\React\\react-starwars\\src\\store\\characters\\character.types.ts","statementMap":{},"fnMap":{},"branchMap":{},"s":{},"f":{},"b":{},"_coverageSchema":"1a1c01bbd47fc00a2c39e90264f33305004495a9","hash":"d9cd848d19684563ec7098949319b8342060be3a"}
,"D:\\Test\\React\\react-starwars\\src\\store\\characters\\characters.actions.ts": {"path":"D:\\Test\\React\\react-starwars\\src\\store\\characters\\characters.actions.ts","statementMap":{"0":{"start":{"line":5,"column":35},"end":{"line":13,"column":1}},"1":{"start":{"line":5,"column":41},"end":{"line":13,"column":1}},"2":{"start":{"line":6,"column":20},"end":{"line":11,"column":5}},"3":{"start":{"line":12,"column":4},"end":{"line":12,"column":34}},"4":{"start":{"line":16,"column":4},"end":{"line":25,"column":5}},"5":{"start":{"line":16,"column":33},"end":{"line":25,"column":5}},"6":{"start":{"line":17,"column":24},"end":{"line":23,"column":9}},"7":{"start":{"line":24,"column":8},"end":{"line":24,"column":36}}},"fnMap":{"0":{"name":"(anonymous_0)","decl":{"start":{"line":5,"column":35},"end":{"line":5,"column":36}},"loc":{"start":{"line":5,"column":41},"end":{"line":13,"column":1}},"line":5},"1":{"name":"(anonymous_1)","decl":{"start":{"line":5,"column":41},"end":{"line":5,"column":42}},"loc":{"start":{"line":5,"column":97},"end":{"line":13,"column":1}},"line":5},"2":{"name":"(anonymous_2)","decl":{"start":{"line":16,"column":4},"end":{"line":16,"column":5}},"loc":{"start":{"line":16,"column":33},"end":{"line":25,"column":5}},"line":16},"3":{"name":"(anonymous_3)","decl":{"start":{"line":16,"column":33},"end":{"line":16,"column":34}},"loc":{"start":{"line":16,"column":89},"end":{"line":25,"column":5}},"line":16}},"branchMap":{},"s":{"0":0,"1":0,"2":0,"3":0,"4":0,"5":0,"6":0,"7":0},"f":{"0":0,"1":0,"2":0,"3":0},"b":{}}
,"D:\\Test\\React\\react-starwars\\src\\store\\characters\\characters.reducer.ts": {"path":"D:\\Test\\React\\react-starwars\\src\\store\\characters\\characters.reducer.ts","statementMap":{"0":{"start":{"line":7,"column":36},"end":{"line":11,"column":1}},"1":{"start":{"line":13,"column":93},"end":{"line":25,"column":1}},"2":{"start":{"line":17,"column":4},"end":{"line":24,"column":5}},"3":{"start":{"line":19,"column":12},"end":{"line":19,"column":51}},"4":{"start":{"line":21,"column":12},"end":{"line":21,"column":55}},"5":{"start":{"line":23,"column":12},"end":{"line":23,"column":25}}},"fnMap":{"0":{"name":"(anonymous_0)","decl":{"start":{"line":13,"column":93},"end":{"line":13,"column":94}},"loc":{"start":{"line":16,"column":5},"end":{"line":25,"column":1}},"line":16}},"branchMap":{"0":{"loc":{"start":{"line":14,"column":4},"end":{"line":14,"column":22}},"type":"default-arg","locations":[{"start":{"line":14,"column":12},"end":{"line":14,"column":22}}],"line":14},"1":{"loc":{"start":{"line":17,"column":4},"end":{"line":24,"column":5}},"type":"switch","locations":[{"start":{"line":18,"column":8},"end":{"line":19,"column":51}},{"start":{"line":20,"column":8},"end":{"line":21,"column":55}},{"start":{"line":22,"column":8},"end":{"line":23,"column":25}}],"line":17}},"s":{"0":1,"1":1,"2":3,"3":0,"4":0,"5":3},"f":{"0":3},"b":{"0":[3],"1":[0,0,3]},"_coverageSchema":"1a1c01bbd47fc00a2c39e90264f33305004495a9","hash":"81a33b24e24a23efa98eb73e35aff47ab4e32e7b"}
,"D:\\Test\\React\\react-starwars\\src\\store\\films\\films.actions.ts": {"path":"D:\\Test\\React\\react-starwars\\src\\store\\films\\films.actions.ts","statementMap":{"0":{"start":{"line":5,"column":30},"end":{"line":13,"column":1}},"1":{"start":{"line":5,"column":36},"end":{"line":13,"column":1}},"2":{"start":{"line":6,"column":20},"end":{"line":11,"column":5}},"3":{"start":{"line":12,"column":4},"end":{"line":12,"column":34}},"4":{"start":{"line":16,"column":4},"end":{"line":25,"column":5}},"5":{"start":{"line":16,"column":27},"end":{"line":25,"column":5}},"6":{"start":{"line":17,"column":24},"end":{"line":23,"column":9}},"7":{"start":{"line":24,"column":8},"end":{"line":24,"column":36}}},"fnMap":{"0":{"name":"(anonymous_0)","decl":{"start":{"line":5,"column":30},"end":{"line":5,"column":31}},"loc":{"start":{"line":5,"column":36},"end":{"line":13,"column":1}},"line":5},"1":{"name":"(anonymous_1)","decl":{"start":{"line":5,"column":36},"end":{"line":5,"column":37}},"loc":{"start":{"line":5,"column":92},"end":{"line":13,"column":1}},"line":5},"2":{"name":"(anonymous_2)","decl":{"start":{"line":16,"column":4},"end":{"line":16,"column":5}},"loc":{"start":{"line":16,"column":27},"end":{"line":25,"column":5}},"line":16},"3":{"name":"(anonymous_3)","decl":{"start":{"line":16,"column":27},"end":{"line":16,"column":28}},"loc":{"start":{"line":16,"column":83},"end":{"line":25,"column":5}},"line":16}},"branchMap":{},"s":{"0":0,"1":0,"2":0,"3":0,"4":0,"5":0,"6":0,"7":0},"f":{"0":0,"1":0,"2":0,"3":0},"b":{}}
,"D:\\Test\\React\\react-starwars\\src\\store\\films\\films.reducer.ts": {"path":"D:\\Test\\React\\react-starwars\\src\\store\\films\\films.reducer.ts","statementMap":{"0":{"start":{"line":7,"column":31},"end":{"line":11,"column":1}},"1":{"start":{"line":13,"column":78},"end":{"line":25,"column":1}},"2":{"start":{"line":17,"column":4},"end":{"line":24,"column":5}},"3":{"start":{"line":19,"column":12},"end":{"line":19,"column":51}},"4":{"start":{"line":21,"column":12},"end":{"line":21,"column":55}},"5":{"start":{"line":23,"column":12},"end":{"line":23,"column":25}}},"fnMap":{"0":{"name":"(anonymous_0)","decl":{"start":{"line":13,"column":78},"end":{"line":13,"column":79}},"loc":{"start":{"line":16,"column":5},"end":{"line":25,"column":1}},"line":16}},"branchMap":{"0":{"loc":{"start":{"line":14,"column":4},"end":{"line":14,"column":22}},"type":"default-arg","locations":[{"start":{"line":14,"column":12},"end":{"line":14,"column":22}}],"line":14},"1":{"loc":{"start":{"line":17,"column":4},"end":{"line":24,"column":5}},"type":"switch","locations":[{"start":{"line":18,"column":8},"end":{"line":19,"column":51}},{"start":{"line":20,"column":8},"end":{"line":21,"column":55}},{"start":{"line":22,"column":8},"end":{"line":23,"column":25}}],"line":17}},"s":{"0":1,"1":1,"2":3,"3":0,"4":0,"5":3},"f":{"0":3},"b":{"0":[3],"1":[0,0,3]},"_coverageSchema":"1a1c01bbd47fc00a2c39e90264f33305004495a9","hash":"7837fa537638a0c9ebd1112303fd0b10c9dc0a5f"}
,"D:\\Test\\React\\react-starwars\\src\\store\\films\\films.types.ts": {"path":"D:\\Test\\React\\react-starwars\\src\\store\\films\\films.types.ts","statementMap":{},"fnMap":{},"branchMap":{},"s":{},"f":{},"b":{},"_coverageSchema":"1a1c01bbd47fc00a2c39e90264f33305004495a9","hash":"1aaf53c47f76a9708434c13be88f088d1029cf94"}
,"D:\\Test\\React\\react-starwars\\src\\store\\planets\\planets.actions.ts": {"path":"D:\\Test\\React\\react-starwars\\src\\store\\planets\\planets.actions.ts","statementMap":{"0":{"start":{"line":5,"column":32},"end":{"line":13,"column":1}},"1":{"start":{"line":5,"column":38},"end":{"line":13,"column":1}},"2":{"start":{"line":6,"column":20},"end":{"line":11,"column":5}},"3":{"start":{"line":12,"column":4},"end":{"line":12,"column":34}},"4":{"start":{"line":16,"column":4},"end":{"line":25,"column":5}},"5":{"start":{"line":16,"column":29},"end":{"line":25,"column":5}},"6":{"start":{"line":17,"column":24},"end":{"line":23,"column":9}},"7":{"start":{"line":24,"column":8},"end":{"line":24,"column":36}}},"fnMap":{"0":{"name":"(anonymous_0)","decl":{"start":{"line":5,"column":32},"end":{"line":5,"column":33}},"loc":{"start":{"line":5,"column":38},"end":{"line":13,"column":1}},"line":5},"1":{"name":"(anonymous_1)","decl":{"start":{"line":5,"column":38},"end":{"line":5,"column":39}},"loc":{"start":{"line":5,"column":94},"end":{"line":13,"column":1}},"line":5},"2":{"name":"(anonymous_2)","decl":{"start":{"line":16,"column":4},"end":{"line":16,"column":5}},"loc":{"start":{"line":16,"column":29},"end":{"line":25,"column":5}},"line":16},"3":{"name":"(anonymous_3)","decl":{"start":{"line":16,"column":29},"end":{"line":16,"column":30}},"loc":{"start":{"line":16,"column":85},"end":{"line":25,"column":5}},"line":16}},"branchMap":{},"s":{"0":0,"1":0,"2":0,"3":0,"4":0,"5":0,"6":0,"7":0},"f":{"0":0,"1":0,"2":0,"3":0},"b":{}}
,"D:\\Test\\React\\react-starwars\\src\\store\\planets\\planets.reducer.ts": {"path":"D:\\Test\\React\\react-starwars\\src\\store\\planets\\planets.reducer.ts","statementMap":{"0":{"start":{"line":6,"column":33},"end":{"line":10,"column":1}},"1":{"start":{"line":12,"column":84},"end":{"line":24,"column":1}},"2":{"start":{"line":16,"column":4},"end":{"line":23,"column":5}},"3":{"start":{"line":18,"column":12},"end":{"line":18,"column":51}},"4":{"start":{"line":20,"column":12},"end":{"line":20,"column":55}},"5":{"start":{"line":22,"column":12},"end":{"line":22,"column":25}}},"fnMap":{"0":{"name":"(anonymous_0)","decl":{"start":{"line":12,"column":84},"end":{"line":12,"column":85}},"loc":{"start":{"line":15,"column":5},"end":{"line":24,"column":1}},"line":15}},"branchMap":{"0":{"loc":{"start":{"line":13,"column":4},"end":{"line":13,"column":22}},"type":"default-arg","locations":[{"start":{"line":13,"column":12},"end":{"line":13,"column":22}}],"line":13},"1":{"loc":{"start":{"line":16,"column":4},"end":{"line":23,"column":5}},"type":"switch","locations":[{"start":{"line":17,"column":8},"end":{"line":18,"column":51}},{"start":{"line":19,"column":8},"end":{"line":20,"column":55}},{"start":{"line":21,"column":8},"end":{"line":22,"column":25}}],"line":16}},"s":{"0":1,"1":1,"2":3,"3":0,"4":0,"5":3},"f":{"0":3},"b":{"0":[3],"1":[0,0,3]},"_coverageSchema":"1a1c01bbd47fc00a2c39e90264f33305004495a9","hash":"782f66382a80a52e17d39c3f988a8a5cae022634"}
,"D:\\Test\\React\\react-starwars\\src\\store\\planets\\planets.types.ts": {"path":"D:\\Test\\React\\react-starwars\\src\\store\\planets\\planets.types.ts","statementMap":{},"fnMap":{},"branchMap":{},"s":{},"f":{},"b":{},"_coverageSchema":"1a1c01bbd47fc00a2c39e90264f33305004495a9","hash":"e9a31ce4904d01b6d1c2b049fd59999d9fc433a2"}
,"D:\\Test\\React\\react-starwars\\src\\store\\species\\species.actions.ts": {"path":"D:\\Test\\React\\react-starwars\\src\\store\\species\\species.actions.ts","statementMap":{"0":{"start":{"line":5,"column":32},"end":{"line":13,"column":1}},"1":{"start":{"line":5,"column":38},"end":{"line":13,"column":1}},"2":{"start":{"line":6,"column":20},"end":{"line":11,"column":5}},"3":{"start":{"line":12,"column":4},"end":{"line":12,"column":34}},"4":{"start":{"line":16,"column":4},"end":{"line":25,"column":5}},"5":{"start":{"line":16,"column":30},"end":{"line":25,"column":5}},"6":{"start":{"line":17,"column":24},"end":{"line":23,"column":9}},"7":{"start":{"line":24,"column":8},"end":{"line":24,"column":36}}},"fnMap":{"0":{"name":"(anonymous_0)","decl":{"start":{"line":5,"column":32},"end":{"line":5,"column":33}},"loc":{"start":{"line":5,"column":38},"end":{"line":13,"column":1}},"line":5},"1":{"name":"(anonymous_1)","decl":{"start":{"line":5,"column":38},"end":{"line":5,"column":39}},"loc":{"start":{"line":5,"column":94},"end":{"line":13,"column":1}},"line":5},"2":{"name":"(anonymous_2)","decl":{"start":{"line":16,"column":4},"end":{"line":16,"column":5}},"loc":{"start":{"line":16,"column":30},"end":{"line":25,"column":5}},"line":16},"3":{"name":"(anonymous_3)","decl":{"start":{"line":16,"column":30},"end":{"line":16,"column":31}},"loc":{"start":{"line":16,"column":86},"end":{"line":25,"column":5}},"line":16}},"branchMap":{},"s":{"0":0,"1":0,"2":0,"3":0,"4":0,"5":0,"6":0,"7":0},"f":{"0":0,"1":0,"2":0,"3":0},"b":{}}
,"D:\\Test\\React\\react-starwars\\src\\store\\species\\species.reducer.ts": {"path":"D:\\Test\\React\\react-starwars\\src\\store\\species\\species.reducer.ts","statementMap":{"0":{"start":{"line":7,"column":33},"end":{"line":11,"column":1}},"1":{"start":{"line":13,"column":84},"end":{"line":25,"column":1}},"2":{"start":{"line":17,"column":4},"end":{"line":24,"column":5}},"3":{"start":{"line":19,"column":12},"end":{"line":19,"column":51}},"4":{"start":{"line":21,"column":12},"end":{"line":21,"column":55}},"5":{"start":{"line":23,"column":12},"end":{"line":23,"column":25}}},"fnMap":{"0":{"name":"(anonymous_0)","decl":{"start":{"line":13,"column":84},"end":{"line":13,"column":85}},"loc":{"start":{"line":16,"column":5},"end":{"line":25,"column":1}},"line":16}},"branchMap":{"0":{"loc":{"start":{"line":14,"column":4},"end":{"line":14,"column":22}},"type":"default-arg","locations":[{"start":{"line":14,"column":12},"end":{"line":14,"column":22}}],"line":14},"1":{"loc":{"start":{"line":17,"column":4},"end":{"line":24,"column":5}},"type":"switch","locations":[{"start":{"line":18,"column":8},"end":{"line":19,"column":51}},{"start":{"line":20,"column":8},"end":{"line":21,"column":55}},{"start":{"line":22,"column":8},"end":{"line":23,"column":25}}],"line":17}},"s":{"0":1,"1":1,"2":3,"3":0,"4":0,"5":3},"f":{"0":3},"b":{"0":[3],"1":[0,0,3]},"_coverageSchema":"1a1c01bbd47fc00a2c39e90264f33305004495a9","hash":"b992075c51633af4289a4400da5c735d87fe3245"}
,"D:\\Test\\React\\react-starwars\\src\\store\\species\\species.types.ts": {"path":"D:\\Test\\React\\react-starwars\\src\\store\\species\\species.types.ts","statementMap":{},"fnMap":{},"branchMap":{},"s":{},"f":{},"b":{},"_coverageSchema":"1a1c01bbd47fc00a2c39e90264f33305004495a9","hash":"721027c1507994094e84a248a8766df4cf08c34d"}
,"D:\\Test\\React\\react-starwars\\src\\store\\starships\\starships.actions.ts": {"path":"D:\\Test\\React\\react-starwars\\src\\store\\starships\\starships.actions.ts","statementMap":{"0":{"start":{"line":5,"column":34},"end":{"line":13,"column":1}},"1":{"start":{"line":5,"column":40},"end":{"line":13,"column":1}},"2":{"start":{"line":6,"column":20},"end":{"line":11,"column":5}},"3":{"start":{"line":12,"column":4},"end":{"line":12,"column":34}},"4":{"start":{"line":16,"column":4},"end":{"line":25,"column":5}},"5":{"start":{"line":16,"column":31},"end":{"line":25,"column":5}},"6":{"start":{"line":17,"column":24},"end":{"line":23,"column":9}},"7":{"start":{"line":24,"column":8},"end":{"line":24,"column":36}}},"fnMap":{"0":{"name":"(anonymous_0)","decl":{"start":{"line":5,"column":34},"end":{"line":5,"column":35}},"loc":{"start":{"line":5,"column":40},"end":{"line":13,"column":1}},"line":5},"1":{"name":"(anonymous_1)","decl":{"start":{"line":5,"column":40},"end":{"line":5,"column":41}},"loc":{"start":{"line":5,"column":96},"end":{"line":13,"column":1}},"line":5},"2":{"name":"(anonymous_2)","decl":{"start":{"line":16,"column":4},"end":{"line":16,"column":5}},"loc":{"start":{"line":16,"column":31},"end":{"line":25,"column":5}},"line":16},"3":{"name":"(anonymous_3)","decl":{"start":{"line":16,"column":31},"end":{"line":16,"column":32}},"loc":{"start":{"line":16,"column":87},"end":{"line":25,"column":5}},"line":16}},"branchMap":{},"s":{"0":0,"1":0,"2":0,"3":0,"4":0,"5":0,"6":0,"7":0},"f":{"0":0,"1":0,"2":0,"3":0},"b":{}}
,"D:\\Test\\React\\react-starwars\\src\\store\\starships\\starships.reducer.ts": {"path":"D:\\Test\\React\\react-starwars\\src\\store\\starships\\starships.reducer.ts","statementMap":{"0":{"start":{"line":7,"column":35},"end":{"line":11,"column":1}},"1":{"start":{"line":13,"column":90},"end":{"line":25,"column":1}},"2":{"start":{"line":17,"column":4},"end":{"line":24,"column":5}},"3":{"start":{"line":19,"column":12},"end":{"line":19,"column":51}},"4":{"start":{"line":21,"column":12},"end":{"line":21,"column":55}},"5":{"start":{"line":23,"column":12},"end":{"line":23,"column":25}}},"fnMap":{"0":{"name":"(anonymous_0)","decl":{"start":{"line":13,"column":90},"end":{"line":13,"column":91}},"loc":{"start":{"line":16,"column":5},"end":{"line":25,"column":1}},"line":16}},"branchMap":{"0":{"loc":{"start":{"line":14,"column":4},"end":{"line":14,"column":22}},"type":"default-arg","locations":[{"start":{"line":14,"column":12},"end":{"line":14,"column":22}}],"line":14},"1":{"loc":{"start":{"line":17,"column":4},"end":{"line":24,"column":5}},"type":"switch","locations":[{"start":{"line":18,"column":8},"end":{"line":19,"column":51}},{"start":{"line":20,"column":8},"end":{"line":21,"column":55}},{"start":{"line":22,"column":8},"end":{"line":23,"column":25}}],"line":17}},"s":{"0":1,"1":1,"2":3,"3":0,"4":0,"5":3},"f":{"0":3},"b":{"0":[3],"1":[0,0,3]},"_coverageSchema":"1a1c01bbd47fc00a2c39e90264f33305004495a9","hash":"60dc2176fb6838e4022438f99c2b13ca8ed3057a"}
,"D:\\Test\\React\\react-starwars\\src\\store\\starships\\starships.types.ts": {"path":"D:\\Test\\React\\react-starwars\\src\\store\\starships\\starships.types.ts","statementMap":{},"fnMap":{},"branchMap":{},"s":{},"f":{},"b":{},"_coverageSchema":"1a1c01bbd47fc00a2c39e90264f33305004495a9","hash":"96895a41c12bb935caba86b7b82bb9997d2557ef"}
,"D:\\Test\\React\\react-starwars\\src\\store\\toasts\\toasts.actions.js": {"path":"D:\\Test\\React\\react-starwars\\src\\store\\toasts\\toasts.actions.js","statementMap":{"0":{"start":{"line":3,"column":27},"end":{"line":6,"column":2}},"1":{"start":{"line":3,"column":37},"end":{"line":6,"column":1}},"2":{"start":{"line":8,"column":29},"end":{"line":11,"column":2}},"3":{"start":{"line":8,"column":39},"end":{"line":11,"column":1}},"4":{"start":{"line":13,"column":26},"end":{"line":19,"column":1}},"5":{"start":{"line":14,"column":4},"end":{"line":18,"column":6}},"6":{"start":{"line":15,"column":8},"end":{"line":17,"column":11}}},"fnMap":{"0":{"name":"(anonymous_0)","decl":{"start":{"line":3,"column":27},"end":{"line":3,"column":28}},"loc":{"start":{"line":3,"column":37},"end":{"line":6,"column":1}},"line":3},"1":{"name":"(anonymous_1)","decl":{"start":{"line":8,"column":29},"end":{"line":8,"column":30}},"loc":{"start":{"line":8,"column":39},"end":{"line":11,"column":1}},"line":8},"2":{"name":"(anonymous_2)","decl":{"start":{"line":13,"column":26},"end":{"line":13,"column":27}},"loc":{"start":{"line":13,"column":32},"end":{"line":19,"column":1}},"line":13},"3":{"name":"(anonymous_3)","decl":{"start":{"line":14,"column":11},"end":{"line":14,"column":12}},"loc":{"start":{"line":14,"column":25},"end":{"line":18,"column":5}},"line":14}},"branchMap":{},"s":{"0":1,"1":0,"2":1,"3":0,"4":1,"5":0,"6":0},"f":{"0":0,"1":0,"2":0,"3":0},"b":{},"_coverageSchema":"1a1c01bbd47fc00a2c39e90264f33305004495a9","hash":"ccf2e5429b26c9a38bde4700570e67628131527d"}
,"D:\\Test\\React\\react-starwars\\src\\store\\toasts\\toasts.reducer.ts": {"path":"D:\\Test\\React\\react-starwars\\src\\store\\toasts\\toasts.reducer.ts","statementMap":{"0":{"start":{"line":5,"column":32},"end":{"line":9,"column":1}},"1":{"start":{"line":11,"column":89},"end":{"line":25,"column":1}},"2":{"start":{"line":15,"column":4},"end":{"line":24,"column":5}},"3":{"start":{"line":17,"column":12},"end":{"line":17,"column":66}},"4":{"start":{"line":19,"column":12},"end":{"line":19,"column":68}},"5":{"start":{"line":21,"column":12},"end":{"line":21,"column":37}},"6":{"start":{"line":23,"column":12},"end":{"line":23,"column":25}}},"fnMap":{"0":{"name":"(anonymous_0)","decl":{"start":{"line":11,"column":89},"end":{"line":11,"column":90}},"loc":{"start":{"line":14,"column":5},"end":{"line":25,"column":1}},"line":14}},"branchMap":{"0":{"loc":{"start":{"line":12,"column":4},"end":{"line":12,"column":22}},"type":"default-arg","locations":[{"start":{"line":12,"column":12},"end":{"line":12,"column":22}}],"line":12},"1":{"loc":{"start":{"line":15,"column":4},"end":{"line":24,"column":5}},"type":"switch","locations":[{"start":{"line":16,"column":8},"end":{"line":17,"column":66}},{"start":{"line":18,"column":8},"end":{"line":19,"column":68}},{"start":{"line":20,"column":8},"end":{"line":21,"column":37}},{"start":{"line":22,"column":8},"end":{"line":23,"column":25}}],"line":15}},"s":{"0":1,"1":1,"2":3,"3":0,"4":0,"5":0,"6":3},"f":{"0":3},"b":{"0":[3],"1":[0,0,0,3]},"_coverageSchema":"1a1c01bbd47fc00a2c39e90264f33305004495a9","hash":"776bdd1c7e9d4b1a3aa8feadcdfecda8d2332485"}
,"D:\\Test\\React\\react-starwars\\src\\store\\toasts\\toasts.types.ts": {"path":"D:\\Test\\React\\react-starwars\\src\\store\\toasts\\toasts.types.ts","statementMap":{},"fnMap":{},"branchMap":{},"s":{},"f":{},"b":{},"_coverageSchema":"1a1c01bbd47fc00a2c39e90264f33305004495a9","hash":"718b368b8b61b03bfc999fc364f0b0a4062a7e0f"}
,"D:\\Test\\React\\react-starwars\\src\\store\\utils\\api.actions.js": {"path":"D:\\Test\\React\\react-starwars\\src\\store\\utils\\api.actions.js","statementMap":{"0":{"start":{"line":13,"column":21},"end":{"line":13,"column":35}},"1":{"start":{"line":14,"column":4},"end":{"line":34,"column":5}},"2":{"start":{"line":15,"column":25},"end":{"line":15,"column":41}},"3":{"start":{"line":16,"column":8},"end":{"line":27,"column":9}},"4":{"start":{"line":17,"column":29},"end":{"line":17,"column":86}},"5":{"start":{"line":18,"column":34},"end":{"line":18,"column":74}},"6":{"start":{"line":19,"column":28},"end":{"line":23,"column":13}},"7":{"start":{"line":25,"column":12},"end":{"line":25,"column":60}},"8":{"start":{"line":26,"column":12},"end":{"line":26,"column":27}},"9":{"start":{"line":29,"column":8},"end":{"line":33,"column":9}},"10":{"start":{"line":30,"column":12},"end":{"line":30,"column":45}},"11":{"start":{"line":32,"column":12},"end":{"line":32,"column":45}},"12":{"start":{"line":46,"column":21},"end":{"line":46,"column":35}},"13":{"start":{"line":47,"column":4},"end":{"line":65,"column":5}},"14":{"start":{"line":48,"column":27},"end":{"line":48,"column":96}},"15":{"start":{"line":48,"column":64},"end":{"line":48,"column":95}},"16":{"start":{"line":49,"column":8},"end":{"line":58,"column":9}},"17":{"start":{"line":50,"column":29},"end":{"line":50,"column":31}},"18":{"start":{"line":51,"column":12},"end":{"line":54,"column":13}},"19":{"start":{"line":52,"column":32},"end":{"line":52,"column":85}},"20":{"start":{"line":53,"column":16},"end":{"line":53,"column":60}},"21":{"start":{"line":53,"column":29},"end":{"line":53,"column":60}},"22":{"start":{"line":55,"column":28},"end":{"line":55,"column":70}},"23":{"start":{"line":56,"column":12},"end":{"line":56,"column":60}},"24":{"start":{"line":57,"column":12},"end":{"line":57,"column":27}},"25":{"start":{"line":60,"column":8},"end":{"line":64,"column":9}},"26":{"start":{"line":61,"column":12},"end":{"line":61,"column":45}},"27":{"start":{"line":63,"column":12},"end":{"line":63,"column":45}}},"fnMap":{"0":{"name":"getItemsByPage","decl":{"start":{"line":12,"column":22},"end":{"line":12,"column":36}},"loc":{"start":{"line":12,"column":46},"end":{"line":35,"column":1}},"line":12},"1":{"name":"getItemsById","decl":{"start":{"line":45,"column":22},"end":{"line":45,"column":34}},"loc":{"start":{"line":45,"column":44},"end":{"line":66,"column":1}},"line":45},"2":{"name":"(anonymous_2)","decl":{"start":{"line":48,"column":56},"end":{"line":48,"column":57}},"loc":{"start":{"line":48,"column":64},"end":{"line":48,"column":95}},"line":48}},"branchMap":{"0":{"loc":{"start":{"line":16,"column":8},"end":{"line":27,"column":9}},"type":"if","locations":[{"start":{"line":16,"column":8},"end":{"line":27,"column":9}},{"start":{},"end":{}}],"line":16},"1":{"loc":{"start":{"line":29,"column":8},"end":{"line":33,"column":9}},"type":"if","locations":[{"start":{"line":29,"column":8},"end":{"line":33,"column":9}},{"start":{"line":31,"column":15},"end":{"line":33,"column":9}}],"line":29},"2":{"loc":{"start":{"line":49,"column":8},"end":{"line":58,"column":9}},"type":"if","locations":[{"start":{"line":49,"column":8},"end":{"line":58,"column":9}},{"start":{},"end":{}}],"line":49},"3":{"loc":{"start":{"line":53,"column":16},"end":{"line":53,"column":60}},"type":"if","locations":[{"start":{"line":53,"column":16},"end":{"line":53,"column":60}},{"start":{},"end":{}}],"line":53},"4":{"loc":{"start":{"line":60,"column":8},"end":{"line":64,"column":9}},"type":"if","locations":[{"start":{"line":60,"column":8},"end":{"line":64,"column":9}},{"start":{"line":62,"column":15},"end":{"line":64,"column":9}}],"line":60}},"s":{"0":0,"1":0,"2":0,"3":0,"4":0,"5":0,"6":0,"7":0,"8":0,"9":0,"10":0,"11":0,"12":0,"13":0,"14":0,"15":0,"16":0,"17":0,"18":0,"19":0,"20":0,"21":0,"22":0,"23":0,"24":0,"25":0,"26":0,"27":0},"f":{"0":0,"1":0,"2":0},"b":{"0":[0,0],"1":[0,0],"2":[0,0],"3":[0,0],"4":[0,0]},"_coverageSchema":"1a1c01bbd47fc00a2c39e90264f33305004495a9","hash":"3e0ffe0b44b94b73bc3b65e19cf7af3e32c47ca2"}
,"D:\\Test\\React\\react-starwars\\src\\store\\vehicles\\vehicles.actions.ts": {"path":"D:\\Test\\React\\react-starwars\\src\\store\\vehicles\\vehicles.actions.ts","statementMap":{"0":{"start":{"line":9,"column":33},"end":{"line":17,"column":1}},"1":{"start":{"line":9,"column":39},"end":{"line":17,"column":1}},"2":{"start":{"line":10,"column":20},"end":{"line":15,"column":5}},"3":{"start":{"line":16,"column":4},"end":{"line":16,"column":34}},"4":{"start":{"line":20,"column":4},"end":{"line":29,"column":5}},"5":{"start":{"line":20,"column":30},"end":{"line":29,"column":5}},"6":{"start":{"line":21,"column":24},"end":{"line":27,"column":9}},"7":{"start":{"line":28,"column":8},"end":{"line":28,"column":36}}},"fnMap":{"0":{"name":"(anonymous_0)","decl":{"start":{"line":9,"column":33},"end":{"line":9,"column":34}},"loc":{"start":{"line":9,"column":39},"end":{"line":17,"column":1}},"line":9},"1":{"name":"(anonymous_1)","decl":{"start":{"line":9,"column":39},"end":{"line":9,"column":40}},"loc":{"start":{"line":9,"column":95},"end":{"line":17,"column":1}},"line":9},"2":{"name":"(anonymous_2)","decl":{"start":{"line":20,"column":4},"end":{"line":20,"column":5}},"loc":{"start":{"line":20,"column":30},"end":{"line":29,"column":5}},"line":20},"3":{"name":"(anonymous_3)","decl":{"start":{"line":20,"column":30},"end":{"line":20,"column":31}},"loc":{"start":{"line":20,"column":86},"end":{"line":29,"column":5}},"line":20}},"branchMap":{},"s":{"0":1,"1":0,"2":0,"3":0,"4":1,"5":0,"6":0,"7":0},"f":{"0":0,"1":0,"2":0,"3":0},"b":{},"_coverageSchema":"1a1c01bbd47fc00a2c39e90264f33305004495a9","hash":"d43a2d7fcda6a754e18ce099ec031b13a1a6ab43"}
,"D:\\Test\\React\\react-starwars\\src\\store\\vehicles\\vehicles.reducer.ts": {"path":"D:\\Test\\React\\react-starwars\\src\\store\\vehicles\\vehicles.reducer.ts","statementMap":{"0":{"start":{"line":7,"column":34},"end":{"line":11,"column":1}},"1":{"start":{"line":13,"column":87},"end":{"line":24,"column":1}},"2":{"start":{"line":17,"column":4},"end":{"line":22,"column":5}},"3":{"start":{"line":19,"column":12},"end":{"line":19,"column":51}},"4":{"start":{"line":21,"column":12},"end":{"line":21,"column":55}},"5":{"start":{"line":23,"column":4},"end":{"line":23,"column":17}}},"fnMap":{"0":{"name":"(anonymous_0)","decl":{"start":{"line":13,"column":87},"end":{"line":13,"column":88}},"loc":{"start":{"line":16,"column":20},"end":{"line":24,"column":1}},"line":16}},"branchMap":{"0":{"loc":{"start":{"line":14,"column":4},"end":{"line":14,"column":37}},"type":"default-arg","locations":[{"start":{"line":14,"column":27},"end":{"line":14,"column":37}}],"line":14},"1":{"loc":{"start":{"line":17,"column":4},"end":{"line":22,"column":5}},"type":"switch","locations":[{"start":{"line":18,"column":8},"end":{"line":19,"column":51}},{"start":{"line":20,"column":8},"end":{"line":21,"column":55}}],"line":17}},"s":{"0":1,"1":1,"2":2,"3":1,"4":1,"5":0},"f":{"0":2},"b":{"0":[0],"1":[1,1]},"_coverageSchema":"1a1c01bbd47fc00a2c39e90264f33305004495a9","hash":"396d9a028454e0bd39e121145d9549cab5a06a75"}
,"D:\\Test\\React\\react-starwars\\src\\utils\\swapi.utils.js": {"path":"D:\\Test\\React\\react-starwars\\src\\utils\\swapi.utils.js","statementMap":{"0":{"start":{"line":3,"column":25},"end":{"line":213,"column":1}},"1":{"start":{"line":224,"column":15},"end":{"line":224,"column":17}},"2":{"start":{"line":225,"column":4},"end":{"line":273,"column":5}},"3":{"start":{"line":226,"column":8},"end":{"line":226,"column":59}},"4":{"start":{"line":226,"column":53},"end":{"line":226,"column":59}},"5":{"start":{"line":227,"column":8},"end":{"line":272,"column":9}},"6":{"start":{"line":228,"column":12},"end":{"line":271,"column":13}},"7":{"start":{"line":229,"column":16},"end":{"line":245,"column":17}},"8":{"start":{"line":230,"column":20},"end":{"line":235,"column":22}},"9":{"start":{"line":237,"column":20},"end":{"line":244,"column":21}},"10":{"start":{"line":238,"column":24},"end":{"line":243,"column":26}},"11":{"start":{"line":247,"column":33},"end":{"line":247,"column":64}},"12":{"start":{"line":248,"column":16},"end":{"line":270,"column":17}},"13":{"start":{"line":249,"column":20},"end":{"line":267,"column":21}},"14":{"start":{"line":250,"column":24},"end":{"line":266,"column":26}},"15":{"start":{"line":269,"column":20},"end":{"line":269,"column":52}},"16":{"start":{"line":275,"column":4},"end":{"line":279,"column":6}},"17":{"start":{"line":283,"column":16},"end":{"line":283,"column":33}},"18":{"start":{"line":284,"column":4},"end":{"line":284,"column":52}}},"fnMap":{"0":{"name":"formatSWAPIDataTable","decl":{"start":{"line":223,"column":16},"end":{"line":223,"column":36}},"loc":{"start":{"line":223,"column":94},"end":{"line":280,"column":1}},"line":223},"1":{"name":"extractSWAPIId","decl":{"start":{"line":282,"column":16},"end":{"line":282,"column":30}},"loc":{"start":{"line":282,"column":37},"end":{"line":285,"column":1}},"line":282}},"branchMap":{"0":{"loc":{"start":{"line":223,"column":43},"end":{"line":223,"column":55}},"type":"default-arg","locations":[{"start":{"line":223,"column":53},"end":{"line":223,"column":55}}],"line":223},"1":{"loc":{"start":{"line":223,"column":57},"end":{"line":223,"column":75}},"type":"default-arg","locations":[{"start":{"line":223,"column":70},"end":{"line":223,"column":75}}],"line":223},"2":{"loc":{"start":{"line":223,"column":77},"end":{"line":223,"column":92}},"type":"default-arg","locations":[{"start":{"line":223,"column":90},"end":{"line":223,"column":92}}],"line":223},"3":{"loc":{"start":{"line":226,"column":8},"end":{"line":226,"column":59}},"type":"if","locations":[{"start":{"line":226,"column":8},"end":{"line":226,"column":59}},{"start":{},"end":{}}],"line":226},"4":{"loc":{"start":{"line":226,"column":12},"end":{"line":226,"column":51}},"type":"binary-expr","locations":[{"start":{"line":226,"column":12},"end":{"line":226,"column":24}},{"start":{"line":226,"column":28},"end":{"line":226,"column":51}}],"line":226},"5":{"loc":{"start":{"line":227,"column":8},"end":{"line":272,"column":9}},"type":"if","locations":[{"start":{"line":227,"column":8},"end":{"line":272,"column":9}},{"start":{},"end":{}}],"line":227},"6":{"loc":{"start":{"line":228,"column":12},"end":{"line":271,"column":13}},"type":"if","locations":[{"start":{"line":228,"column":12},"end":{"line":271,"column":13}},{"start":{"line":246,"column":19},"end":{"line":271,"column":13}}],"line":228},"7":{"loc":{"start":{"line":229,"column":16},"end":{"line":245,"column":17}},"type":"if","locations":[{"start":{"line":229,"column":16},"end":{"line":245,"column":17}},{"start":{"line":236,"column":23},"end":{"line":245,"column":17}}],"line":229},"8":{"loc":{"start":{"line":229,"column":20},"end":{"line":229,"column":55}},"type":"binary-expr","locations":[{"start":{"line":229,"column":20},"end":{"line":229,"column":31}},{"start":{"line":229,"column":35},"end":{"line":229,"column":55}}],"line":229},"9":{"loc":{"start":{"line":237,"column":20},"end":{"line":244,"column":21}},"type":"if","locations":[{"start":{"line":237,"column":20},"end":{"line":244,"column":21}},{"start":{},"end":{}}],"line":237},"10":{"loc":{"start":{"line":249,"column":20},"end":{"line":267,"column":21}},"type":"if","locations":[{"start":{"line":249,"column":20},"end":{"line":267,"column":21}},{"start":{},"end":{}}],"line":249},"11":{"loc":{"start":{"line":249,"column":26},"end":{"line":249,"column":82}},"type":"binary-expr","locations":[{"start":{"line":249,"column":26},"end":{"line":249,"column":54}},{"start":{"line":249,"column":58},"end":{"line":249,"column":82}}],"line":249}},"s":{"0":2,"1":4,"2":4,"3":28,"4":4,"5":24,"6":20,"7":0,"8":0,"9":0,"10":0,"11":20,"12":20,"13":20,"14":20,"15":0,"16":4,"17":0,"18":0},"f":{"0":4,"1":0},"b":{"0":[0],"1":[0],"2":[4],"3":[4,24],"4":[28,28],"5":[20,4],"6":[0,20],"7":[0,0],"8":[0,0],"9":[0,0],"10":[20,0],"11":[20,20]},"_coverageSchema":"1a1c01bbd47fc00a2c39e90264f33305004495a9","hash":"150a752446d4bfc2a9a33f828112886b4b070fb7"}
}
